1
                 Chemistry at HARvard Macromolecular Mechanics
                   (CHARMM) - Developmental Version 28a3     August 15, 2000   
       Copyright(c) 1984,1992  President and Fellows of Harvard College
                              All Rights Reserved
      Current operating system: Linux-4.4.0-71-generic(x86_64)@krusty.fronte
                 Created on  4/ 7/17 at 13:11:18 by user: student10   

            Maximum number of ATOMS:    240480, and RESidues:       72000
            Current HEAP size:        10240000, and STACK size:   2000000

 RDTITL> * THIS CHARMM COMMAND FILE USES A PRECALCULATED MOLECULAR DYNAMICS
 RDTITL> * TRAJECTORY FILE AND ANALYIZES IT WITH THE CHARMM CORRELATION
 RDTITL> * (CORREL) COMMANDS.
 RDTITL> * ...
 RDTITL> *
  
 CHARMM>    bomlev -1
  
 CHARMM>    open read unit 1 card name ../../top_all27_prot_na.inp
 VOPEN> Attempting to open::../../top_all27_prot_na.inp::
 OPNLGU> Unit  1 opened for READONLY access to ../../top_all27_prot_na.inp
  
 CHARMM>    read rtf card unit 1
 MAINIO> Residue topology file being read from unit   1.
 TITLE> *>>>>>> COMBINED CHARMM ALL-HYDROGEN TOPOLOGY FILE FOR <<<<<<<<<
 TITLE> *>>>>>>> CHARMM22 PROTEINS AND CHARMM27 NUCLEIC ACIDS <<<<<<<<<<
 TITLE> *FROM
 TITLE> *>>>> CHARMM22 ALL-HYDROGEN TOPOLOGY FILE FOR PROTEINS <<<<<<<<
 TITLE> *>>>>>>>>>>>>>>>>>>>>>>> AUGUST 1999 <<<<<<<<<<<<<<<<<<<<<<<<<<<
 TITLE> *>>>>>>> DIRECT COMMENTS TO ALEXANDER D. MACKERELL JR. <<<<<<<<<
 TITLE> *>>>>>> 410-706-7442 OR EMAIL: ALEX,MMIRIS.AB.UMD.EDU  <<<<<<<<<
 TITLE> *AND
 TITLE> *  \\\\ CHARMM27 ALL-HYDROGEN NUCLEIC ACID TOPOLOGY FILE ////
 TITLE> *  \\\\\\\\\\\\\\\\\\ DEVELOPMENTAL ////////////////////////
 TITLE> *        ALEXANDER D. MACKERELL JR. AND NICOLAS FOLOPPE
 TITLE> *                        AUGUST 1999
 TITLE> *     ALL COMMENTS TO ADM JR.  EMAIL: ALEX,MMIRIS.AB.UMD.EDU
 TITLE> *                 TELEPHONE: 410-706-7442
 TITLE> * .
 TITLE> * CHANGES: GMU JULY 2002
 TITLE> *          ILE CD --> ILE CD1 AND ALSO ASSOCIATED HYDROGENS (PDB CONVENTION)
 TITLE> *          CTER OT1, OT2 --> OXT, O (PDB CONVENTION)
 TITLE> *          NTER HT* --> H* (PDB CONVENTION)
 TITLE> *          HSP --> HIS
 TITLE> *          NADP ---> NAP (PDB CONVENTION)
 TITLE> *          COPY TIP --> HOH (PDB CONVENTION)
 TITLE> *          MOVE CAL --> CA
 TITLE> *          ADDED TYPES NO, ON FOR NO2*          BACKBONE HN --> H (PDB CONVENTION)
 TITLE> *
 **** WARNING from RTFRDR **** The total charge of the residue, CYSR,  -0.0700000,
 does not equal the expected charge,   0.0000000.
*** WARNING **** residue HSD  already exists (old one deleted)
          RESI HSD          0.00
*** WARNING **** residue DUM  already exists (old one deleted)
          RESI DUM       0.00
 There were   3 warning(s) from RTFRDR.
  
 CHARMM>    close unit 1
 VCLOSE: Closing unit    1 with status "KEEP"
  
 CHARMM>     
  
 CHARMM>    open read unit 20 card name ../../par_all27_prot_na.inp
 VOPEN> Attempting to open::../../par_all27_prot_na.inp::
 OPNLGU> Unit 20 opened for READONLY access to ../../par_all27_prot_na.inp
  
 CHARMM>    read param card unit 20

          PARAMETER FILE BEING READ FROM UNIT 20
 TITLE> *>>>>>> COMBINED CHARMM ALL-HYDROGEN PARAMETER FILE FOR <<<<<<<<<
 TITLE> *>>>>>>> CHARMM22 PROTEINS AND CHARMM27 NUCLEIC ACIDS <<<<<<<<<<
 TITLE> *FROM
 TITLE> *>>>> CHARMM22 ALL-HYDROGEN PARAMETER FILE FOR PROTEINS <<<<<<<<
 TITLE> *>>>>>>>>>>>>>>>>>>>>>>> AUGUST 1999 <<<<<<<<<<<<<<<<<<<<<<<<<<<
 TITLE> *>>>>>>> DIRECT COMMENTS TO ALEXANDER D. MACKERELL JR. <<<<<<<<<
 TITLE> *>>>>>> 410-706-7442 OR EMAIL: ALEX,MMIRIS.AB.UMD.EDU  <<<<<<<<<
 TITLE> *AND
 TITLE> *  \\\\ CHARMM27 ALL-HYDROGEN NUCLEIC ACID PARAMETER FILE ////
 TITLE> *  \\\\\\\\\\\\\\\\\\ DEVELOPMENTAL ////////////////////////
 TITLE> *       ALEXANDER D. MACKERELL JR. AND NICOLAS FOLOPPE
 TITLE> *                       AUGUST 1999
 TITLE> *    ALL COMMENTS TO ADM JR.  EMAIL: ALEX,MMIRIS.AB.UMD.EDU
 TITLE> *            TELEPHONE: 410-706-7442
 TITLE> *
 PARRDR> Multiple terms for dihedral type: INDEX 1049 CODE********     ON3 -P2  -ON2 -P2  
 PARRDR> Multiple terms for dihedral type: INDEX 1047 CODE********     ON3 -P   -ON2 -P2  
 PARRDR> Multiple terms for dihedral type: INDEX 1045 CODE********     ON2 -P2  -ON2 -P2  
 PARRDR> Multiple terms for dihedral type: INDEX 1043 CODE********     ON2 -P   -ON2 -P2  
 PARRDR> Multiple terms for dihedral type: INDEX 1041 CODE********     ON3 -P2  -ON2 -P   
 PARRDR> Multiple terms for dihedral type: INDEX 1039 CODE********     ON3 -P   -ON2 -P   
 PARRDR> Multiple terms for dihedral type: INDEX 1037 CODE********     ON2 -P2  -ON2 -P   
 PARRDR> Multiple terms for dihedral type: INDEX 1035 CODE********     ON2 -P   -ON2 -P   
 PARRDR> Multiple terms for dihedral type: INDEX 1031 CODE********     CN5 -NN2B-CN7B-ON6B
 PARRDR> Multiple terms for dihedral type: INDEX 1022 CODE********     CN1T-NN2B-CN7B-ON6B
 PARRDR> Multiple terms for dihedral type: INDEX 1011 CODE********     CN5 -NN2B-CN7B-ON6 
 PARRDR> Multiple terms for dihedral type: INDEX 1002 CODE********     CN1T-NN2B-CN7B-ON6 
 PARRDR> Multiple terms for dihedral type: INDEX  993 CODE********     CN7B-CN8 -CN7 -ON5 
 PARRDR> Multiple terms for dihedral type: INDEX  992 CODE********     CN7B-CN8 -CN7 -ON5 
 PARRDR> Multiple terms for dihedral type: INDEX  990 CODE********     CN7B-CN7C-CN7 -ON5 
 PARRDR> Multiple terms for dihedral type: INDEX  989 CODE********     CN7B-CN7C-CN7 -ON5 
 PARRDR> Multiple terms for dihedral type: INDEX  987 CODE********     CN7B-CN7B-CN7 -ON5 
 PARRDR> Multiple terms for dihedral type: INDEX  986 CODE********     CN7B-CN7B-CN7 -ON5 
 PARRDR> Multiple terms for dihedral type: INDEX  980 CODE********     CN7B-CN8 -CN7 -ON2 
 PARRDR> Multiple terms for dihedral type: INDEX  979 CODE********     CN7B-CN8 -CN7 -ON2 
 PARRDR> Multiple terms for dihedral type: INDEX  977 CODE********     CN7B-CN7C-CN7 -ON2 
 PARRDR> Multiple terms for dihedral type: INDEX  976 CODE********     CN7B-CN7C-CN7 -ON2 
 PARRDR> Multiple terms for dihedral type: INDEX  974 CODE********     CN7B-CN7B-CN7 -ON2 
 PARRDR> Multiple terms for dihedral type: INDEX  973 CODE********     CN7B-CN7B-CN7 -ON2 
 PARRDR> Multiple terms for dihedral type: INDEX  963 CODE********     CN8 -CN3 -CN1A-ON1 
 PARRDR> Multiple terms for dihedral type: INDEX  962 CODE********     CN8 -CN3 -CN1A-ON1 
 PARRDR> Multiple terms for dihedral type: INDEX  958 CODE********     CN3C-CN3 -CN1A-ON1 
 PARRDR> Multiple terms for dihedral type: INDEX  885 CODE********     CN8 -CN3 -CN1A-NN1 
 PARRDR> Multiple terms for dihedral type: INDEX  884 CODE********     CN8 -CN3 -CN1A-NN1 
 PARRDR> Multiple terms for dihedral type: INDEX  879 CODE********     CN3C-CN3 -CN1A-NN1 
 PARRDR> Multiple terms for dihedral type: INDEX  877 CODE********     CN3B-CN3 -CN1A-NN1 
 PARRDR> Multiple terms for dihedral type: INDEX  875 CODE********     CN3A-CN3 -CN1A-NN1 
 PARRDR> Multiple terms for dihedral type: INDEX  853 CODE********     HN5 -ON5 -CN7 -CN8 
 PARRDR> Multiple terms for dihedral type: INDEX  852 CODE********     HN5 -ON5 -CN7 -CN8 
 PARRDR> Multiple terms for dihedral type: INDEX  841 CODE********     HN5 -ON5 -CN7 -CN7C
 PARRDR> Multiple terms for dihedral type: INDEX  827 CODE********     HN5 -ON5 -CN7B-CN7B
 PARRDR> Multiple terms for dihedral type: INDEX  826 CODE********     HN5 -ON5 -CN7B-CN7B
 PARRDR> Multiple terms for dihedral type: INDEX  825 CODE********     HN5 -ON5 -CN7B-CN7B
 PARRDR> Multiple terms for dihedral type: INDEX  823 CODE********     HN5 -ON5 -CN7 -CN7B
 PARRDR> Multiple terms for dihedral type: INDEX  813 CODE********     HN5 -ON5 -CN8B-CN7 
 PARRDR> Multiple terms for dihedral type: INDEX  812 CODE********     HN5 -ON5 -CN8B-CN7 
 PARRDR> Multiple terms for dihedral type: INDEX  809 CODE********     HN5 -ON5 -CN7B-CN7 
 PARRDR> Multiple terms for dihedral type: INDEX  807 CODE********     HN5 -ON5 -CN7 -CN7 
 PARRDR> Multiple terms for dihedral type: INDEX  806 CODE********     HN5 -ON5 -CN7 -CN7 
 PARRDR> Multiple terms for dihedral type: INDEX  759 CODE********     CT3 -OS  -CD  -OB  
 PARRDR> Multiple terms for dihedral type: INDEX  757 CODE********     CT2 -OS  -CD  -OB  
 PARRDR> Multiple terms for dihedral type: INDEX  750 CODE********     CP3 -N   -C   -O   
 PARRDR> Multiple terms for dihedral type: INDEX  748 CODE********     CP2 -CP1 -C   -O   
 PARRDR> Multiple terms for dihedral type: INDEX  746 CODE********     CP1 -N   -C   -O   
 PARRDR> Multiple terms for dihedral type: INDEX  737 CODE********     HB  -CP1 -C   -O   
 PARRDR> Multiple terms for dihedral type: INDEX  722 CODE********     N   -CP1 -C   -NH1 
 PARRDR> Multiple terms for dihedral type: INDEX  720 CODE********     CP2 -CP1 -C   -NH1 
 PARRDR> Multiple terms for dihedral type: INDEX  714 CODE********     HB  -CP1 -C   -NH1 
 PARRDR> Multiple terms for dihedral type: INDEX  703 CODE********     CP2 -CP1 -C   -N   
 PARRDR> Multiple terms for dihedral type: INDEX  697 CODE********     HB  -CP1 -C   -N   
 PARRDR> Multiple terms for dihedral type: INDEX  669 CODE********     CT3 -NH1 -C   -CP1 
 PARRDR> Multiple terms for dihedral type: INDEX  667 CODE********     CT2 -NH1 -C   -CP1 
 PARRDR> Multiple terms for dihedral type: INDEX  665 CODE********     CT1 -NH1 -C   -CP1 
 PARRDR> Multiple terms for dihedral type: INDEX  650 CODE********     CT2 -NH1 -C   -CT3 
 PARRDR> Multiple terms for dihedral type: INDEX  648 CODE********     CT1 -NH1 -C   -CT3 
 PARRDR> Multiple terms for dihedral type: INDEX  642 CODE********     HS  -S   -CT2 -CT3 
 PARRDR> Multiple terms for dihedral type: INDEX  641 CODE********     HS  -S   -CT2 -CT3 
 PARRDR> Multiple terms for dihedral type: INDEX  639 CODE********     H   -OH1 -CT2 -CT3 
 PARRDR> Multiple terms for dihedral type: INDEX  638 CODE********     H   -OH1 -CT2 -CT3 
 PARRDR> Multiple terms for dihedral type: INDEX  636 CODE********     H   -OH1 -CT1 -CT3 
 PARRDR> Multiple terms for dihedral type: INDEX  635 CODE********     H   -OH1 -CT1 -CT3 
 PARRDR> Multiple terms for dihedral type: INDEX  627 CODE********     CT1 -NH1 -C   -CT2 
 PARRDR> Multiple terms for dihedral type: INDEX  622 CODE********     H   -OH1 -CT2 -CT2 
 PARRDR> Multiple terms for dihedral type: INDEX  621 CODE********     H   -OH1 -CT2 -CT2 
 PARRDR> Multiple terms for dihedral type: INDEX  611 CODE********     HS  -S   -CT2 -CT1 
 PARRDR> Multiple terms for dihedral type: INDEX  610 CODE********     HS  -S   -CT2 -CT1 
 PARRDR> Multiple terms for dihedral type: INDEX  608 CODE********     H   -OH1 -CT2 -CT1 
 PARRDR> Multiple terms for dihedral type: INDEX  607 CODE********     H   -OH1 -CT2 -CT1 
 PARRDR> Multiple terms for dihedral type: INDEX  605 CODE********     H   -OH1 -CT1 -CT1 
 PARRDR> Multiple terms for dihedral type: INDEX  604 CODE********     H   -OH1 -CT1 -CT1 
 PARRDR> Multiple terms for dihedral type: INDEX  570 CODE********     CN7 -CN7 -ON2 -P   
 PARRDR> Multiple terms for dihedral type: INDEX  569 CODE********     CN7 -CN7 -ON2 -P   
 PARRDR> Multiple terms for dihedral type: INDEX  568 CODE********     CN7 -CN7 -ON2 -P   
 PARRDR> Multiple terms for dihedral type: INDEX  567 CODE********     CN7 -CN7 -ON2 -P   
 PARRDR> Multiple terms for dihedral type: INDEX  560 CODE********     CA  -CA  -ON2B-P   
 PARRDR> Multiple terms for dihedral type: INDEX  555 CODE********     ON5 -CN7 -CN7 -ON6B
 PARRDR> Multiple terms for dihedral type: INDEX  554 CODE********     ON5 -CN7 -CN7 -ON6B
 PARRDR> Multiple terms for dihedral type: INDEX  553 CODE********     ON5 -CN7 -CN7 -ON6B
 PARRDR> Multiple terms for dihedral type: INDEX  551 CODE********     ON2 -CN7B-CN7B-ON6B
 PARRDR> Multiple terms for dihedral type: INDEX  550 CODE********     ON2 -CN7B-CN7B-ON6B
 PARRDR> Multiple terms for dihedral type: INDEX  549 CODE********     ON2 -CN7B-CN7B-ON6B
 PARRDR> Multiple terms for dihedral type: INDEX  547 CODE********     ON2 -CN7 -CN7 -ON6B
 PARRDR> Multiple terms for dihedral type: INDEX  546 CODE********     ON2 -CN7 -CN7 -ON6B
 PARRDR> Multiple terms for dihedral type: INDEX  545 CODE********     ON2 -CN7 -CN7 -ON6B
 PARRDR> Multiple terms for dihedral type: INDEX  538 CODE********     CPH1-NR1 -CN7B-ON6B
 PARRDR> Multiple terms for dihedral type: INDEX  537 CODE********     CPH1-NR1 -CN7B-ON6B
 PARRDR> Multiple terms for dihedral type: INDEX  534 CODE********     ON5 -CN7 -CN7 -ON6 
 PARRDR> Multiple terms for dihedral type: INDEX  533 CODE********     ON5 -CN7 -CN7 -ON6 
 PARRDR> Multiple terms for dihedral type: INDEX  532 CODE********     ON5 -CN7 -CN7 -ON6 
 PARRDR> Multiple terms for dihedral type: INDEX  530 CODE********     ON2 -CN7 -CN7B-ON6 
 PARRDR> Multiple terms for dihedral type: INDEX  529 CODE********     ON2 -CN7 -CN7B-ON6 
 PARRDR> Multiple terms for dihedral type: INDEX  528 CODE********     ON2 -CN7 -CN7B-ON6 
 PARRDR> Multiple terms for dihedral type: INDEX  526 CODE********     ON2 -CN7 -CN7 -ON6 
 PARRDR> Multiple terms for dihedral type: INDEX  525 CODE********     ON2 -CN7 -CN7 -ON6 
 PARRDR> Multiple terms for dihedral type: INDEX  524 CODE********     ON2 -CN7 -CN7 -ON6 
 PARRDR> Multiple terms for dihedral type: INDEX  514 CODE********     CPH1-NR1 -CN7B-ON6 
 PARRDR> Multiple terms for dihedral type: INDEX  513 CODE********     CPH1-NR1 -CN7B-ON6 
 PARRDR> Multiple terms for dihedral type: INDEX  504 CODE********     CN8B-CN7 -CN7 -ON5 
 PARRDR> Multiple terms for dihedral type: INDEX  502 CODE********     CN7 -CN7 -CN8B-ON5 
 PARRDR> Multiple terms for dihedral type: INDEX  501 CODE********     CN7 -CN7 -CN8B-ON5 
 PARRDR> Multiple terms for dihedral type: INDEX  500 CODE********     CN7 -CN7 -CN8B-ON5 
 PARRDR> Multiple terms for dihedral type: INDEX  496 CODE********     CN7 -CN7 -CN7 -ON5 
 PARRDR> Multiple terms for dihedral type: INDEX  495 CODE********     CN7 -CN7 -CN7 -ON5 
 PARRDR> Multiple terms for dihedral type: INDEX  486 CODE********     CN9 -ON2 -P   -ON4 
 PARRDR> Multiple terms for dihedral type: INDEX  484 CODE********     CN8B-ON2 -P   -ON4 
 PARRDR> Multiple terms for dihedral type: INDEX  482 CODE********     CN8 -ON2 -P   -ON4 
 PARRDR> Multiple terms for dihedral type: INDEX  480 CODE********     CN7B-ON2 -P   -ON4 
 PARRDR> Multiple terms for dihedral type: INDEX  478 CODE********     CN7 -ON2 -P   -ON4 
 PARRDR> Multiple terms for dihedral type: INDEX  476 CODE********     CA  -ON2B-P   -ON4 
 PARRDR> Multiple terms for dihedral type: INDEX  467 CODE********     CN9 -ON2 -P   -ON2 
 PARRDR> Multiple terms for dihedral type: INDEX  466 CODE********     CN9 -ON2 -P   -ON2 
 PARRDR> Multiple terms for dihedral type: INDEX  465 CODE********     CN9 -ON2 -P   -ON2 
 PARRDR> Multiple terms for dihedral type: INDEX  463 CODE********     CN8B-ON2 -P   -ON2 
 PARRDR> Multiple terms for dihedral type: INDEX  462 CODE********     CN8B-ON2 -P   -ON2 
 PARRDR> Multiple terms for dihedral type: INDEX  461 CODE********     CN8B-ON2 -P   -ON2 
 PARRDR> Multiple terms for dihedral type: INDEX  459 CODE********     CN8B-CN7 -CN7 -ON2 
 PARRDR> Multiple terms for dihedral type: INDEX  457 CODE********     CN8 -ON2 -P   -ON2 
 PARRDR> Multiple terms for dihedral type: INDEX  456 CODE********     CN8 -ON2 -P   -ON2 
 PARRDR> Multiple terms for dihedral type: INDEX  455 CODE********     CN8 -ON2 -P   -ON2 
 PARRDR> Multiple terms for dihedral type: INDEX  453 CODE********     CN7 -ON2 -P   -ON2 
 PARRDR> Multiple terms for dihedral type: INDEX  452 CODE********     CN7 -ON2 -P   -ON2 
 PARRDR> Multiple terms for dihedral type: INDEX  451 CODE********     CN7 -ON2 -P   -ON2 
 PARRDR> Multiple terms for dihedral type: INDEX  449 CODE********     CN7 -CN7 -CN8B-ON2 
 PARRDR> Multiple terms for dihedral type: INDEX  448 CODE********     CN7 -CN7 -CN8B-ON2 
 PARRDR> Multiple terms for dihedral type: INDEX  447 CODE********     CN7 -CN7 -CN8B-ON2 
 PARRDR> Multiple terms for dihedral type: INDEX  445 CODE********     CN7 -CN7 -CN7B-ON2 
 PARRDR> Multiple terms for dihedral type: INDEX  444 CODE********     CN7 -CN7 -CN7B-ON2 
 PARRDR> Multiple terms for dihedral type: INDEX  442 CODE********     CN7 -CN7 -CN7 -ON2 
 PARRDR> Multiple terms for dihedral type: INDEX  441 CODE********     CN7 -CN7 -CN7 -ON2 
 PARRDR> Multiple terms for dihedral type: INDEX  401 CODE********     CPH2-NR1 -CN7B-CN8 
 PARRDR> Multiple terms for dihedral type: INDEX  400 CODE********     CPH2-NR1 -CN7B-CN8 
 PARRDR> Multiple terms for dihedral type: INDEX  375 CODE********     CPH2-NR1 -CN7B-CN7B
 PARRDR> Multiple terms for dihedral type: INDEX  374 CODE********     CPH2-NR1 -CN7B-CN7B
 PARRDR> Multiple terms for dihedral type: INDEX  285 CODE46724475     CP2 -CP1 -CC  -O   
 PARRDR> Multiple terms for dihedral type: INDEX  283 CODE46265835     HB  -CP1 -CC  -O   
 PARRDR> Multiple terms for dihedral type: INDEX  269 CODE29334375     N   -CP1 -CC  -NH2 
 PARRDR> Multiple terms for dihedral type: INDEX  267 CODE28952175     CP2 -CP1 -CC  -NH2 
 PARRDR> Multiple terms for dihedral type: INDEX  265 CODE28493535     HB  -CP1 -CC  -NH2 
 PARRDR> Multiple terms for dihedral type: INDEX  232 CODE24365676     N   -C   -CP1 -N   
 PARRDR> Multiple terms for dihedral type: INDEX  224 CODE 9441585     CP1 -C   -N   -CP3 
 PARRDR> Multiple terms for dihedral type: INDEX  222 CODE 9346035     CT3 -C   -N   -CP3 
 PARRDR> Multiple terms for dihedral type: INDEX  220 CODE 9326925     CT2 -C   -N   -CP3 
 PARRDR> Multiple terms for dihedral type: INDEX  218 CODE 9307815     CT1 -C   -N   -CP3 
 PARRDR> Multiple terms for dihedral type: INDEX  212 CODE 8314095     CP1 -C   -N   -CP1 
 PARRDR> Multiple terms for dihedral type: INDEX  210 CODE 8218545     CT3 -C   -N   -CP1 
 PARRDR> Multiple terms for dihedral type: INDEX  208 CODE 8199435     CT2 -C   -N   -CP1 
 PARRDR> Multiple terms for dihedral type: INDEX  206 CODE 8180325     CT1 -C   -N   -CP1 
 PARRDR> Multiple terms for dihedral type: INDEX  175 CODE 6191963     CT3 -CT2 -CPH1-CPH1
 PARRDR> Multiple terms for dihedral type: INDEX  174 CODE 6191963     CT3 -CT2 -CPH1-CPH1
 PARRDR> Multiple terms for dihedral type: INDEX  171 CODE 6153743     CT1 -CT2 -CPH1-CPH1
 PARRDR> Multiple terms for dihedral type: INDEX  170 CODE 6153743     CT1 -CT2 -CPH1-CPH1
 PARRDR> Multiple terms for dihedral type: INDEX  163 CODE 5736403     CT3 -SM  -SM  -CT3 
 PARRDR> Multiple terms for dihedral type: INDEX  162 CODE 5736403     CT3 -SM  -SM  -CT3 
 PARRDR> Multiple terms for dihedral type: INDEX  160 CODE 5736263     CT3 -CT2 -S   -CT3 
 PARRDR> Multiple terms for dihedral type: INDEX  158 CODE 5734451     CT3 -C   -NH1 -CT3 
 PARRDR> Multiple terms for dihedral type: INDEX  155 CODE 5717153     CT2 -CT2 -S   -CT3 
 PARRDR> Multiple terms for dihedral type: INDEX  153 CODE 5715341     CT2 -C   -NH1 -CT3 
 PARRDR> Multiple terms for dihedral type: INDEX  150 CODE 5696231     CT1 -C   -NH1 -CT3 
 PARRDR> Multiple terms for dihedral type: INDEX  142 CODE 5277763     CT2 -SM  -SM  -CT2 
 PARRDR> Multiple terms for dihedral type: INDEX  141 CODE 5277763     CT2 -SM  -SM  -CT2 
 PARRDR> Multiple terms for dihedral type: INDEX  139 CODE 5275811     CT2 -C   -NH1 -CT2 
 PARRDR> Multiple terms for dihedral type: INDEX  136 CODE 5256701     CT1 -C   -NH1 -CT2 
 PARRDR> Multiple terms for dihedral type: INDEX  126 CODE 4836281     CT1 -C   -NH1 -CT1 
 PARMIO> NONBOND, HBOND lists and IMAGE atoms cleared.
  
 CHARMM>    close unit 20
 VCLOSE: Closing unit   20 with status "KEEP"
  
 CHARMM>     
  
 CHARMM>    open read card unit 21 name ../../1bpi-disu.psf
 VOPEN> Attempting to open::../../1bpi-disu.psf::
 OPNLGU> Unit 21 opened for READONLY access to ../../1bpi-disu.psf
  
 CHARMM>    read psf card unit 21
 MAINIO> Protein structure file being read from unit  21.
 TITLE>  * THIS IS A TEMPLATE INPUT FILE FOR THE CHARMM PROGRAM
 TITLE>  * UNQUOTE AND CHANGE THOSE PARTS THAT YOU NEED.
 TITLE>  * A TITLE LIKE THIS WITH A LAST LINE CONTAINING ONLY A *
 TITLE>  * IS MANDATORY.
 TITLE>  *  DATE:     4/ 4/17     15:56: 8      CREATED BY USER: student10
 TITLE>  *
 PSFSUM> PSF modified: NONBOND lists and IMAGE atoms cleared.
 PSFSUM> Summary of the structure file counters :
         Number of segments      =        2   Number of residues   =       62
         Number of atoms         =      904   Number of groups     =      277
         Number of bonds         =      918   Number of angles     =     1631
         Number of dihedrals     =     2391   Number of impropers  =      142
         Number of HB acceptors  =       83   Number of HB donors  =      114
         Number of NB exclusions =        0   Total charge =    6.00000
  
 CHARMM>    close unit 21
 VCLOSE: Closing unit   21 with status "KEEP"
  
 CHARMM>     
  
 CHARMM>    open read unit 3 card name ../equi2-300k.pdb
 VOPEN> Attempting to open::../equi2-300k.pdb::
 OPNLGU> Unit  3 opened for READONLY access to ../equi2-300k.pdb
  
 CHARMM>    read coor pdb unit 3
          SPATIAL COORDINATES BEING READ FROM UNIT  3
 TITLE>   THIS IS A TEMPLATE INPUT FILE FOR THE CHARMM PROGRAM
 TITLE>   UNQUOTE AND CHANGE THOSE PARTS THAT YOU NEED.
 TITLE>   A TITLE LIKE THIS WITH A LAST LINE CONTAINING ONLY A *
 TITLE>   IS MANDATORY.
 TITLE>    DATE:     4/ 6/17     13:50:48      CREATED BY USER: STUDENT10
 TITLE>  *
  
 CHARMM>     
  
 CHARMM>    ! Choose the same coordinates as for prot-rms.charmm.inp
 CHARMM>    !open read card unit 3 name .crd
 CHARMM>    !read coor card unit 3
 CHARMM>     
  
 CHARMM>    ! read in the trajectory file
 CHARMM>    open read unit 1 file name ../prod.dcd
 VOPEN> Attempting to open::../prod.dcd::
 OPNLGU> Unit  1 opened for READONLY access to ../prod.dcd
  
 CHARMM>    trajectory iread 1 nread 1 skip 100
 TRAJ: INITIATING READ OF A TRAJECTORY, OPTIONS;
    FIRSTU =   1 NUNIT =   1 SKIP =   100
  
 CHARMM>     
  
 CHARMM>    ! Enter the correlation facility; specify a maximum of
 CHARMM>    ! 500 dynamics coordinate files and a maximum of 4
 CHARMM>    ! time series (1 for the dihedral + 1 for distance + 1 for angle)
 CHARMM>    ! The following correl will allocate memory for the time series.
 CHARMM>     
  
 CHARMM>    CORREL MAXTIM 500 MAXSERIES 10 MAXATOMS 30

 NONBOND OPTION FLAGS: 
     ELEC     VDW      ATOMs    CDIElec  SHIFt    VATOm    VSWItch 
     BYGRoup  NOEXtnd  NOEWald 
 CUTNB  = 14.000 CTEXNB =999.000 CTONNB = 10.000 CTOFNB = 12.000
 WMIN   =  1.500 WRNMXD =  0.500 E14FAC =  1.000 EPS    =  1.000
 NBXMOD =      5
 There are        0 atom  pairs and        0 atom  exclusions.
 There are        0 group pairs and        0 group exclusions.
 <MAKINB> with mode   5 found   2544 exclusions and   2347 interactions(1-4)
 <MAKGRP> found    818 group exclusions.
 Generating nonbond list with Exclusion mode = 5
 == PRIMARY == SPACE FOR   259765 ATOM PAIRS AND        0 GROUP PAIRS

 General atom nonbond list generation found:
   198229 ATOM PAIRS WERE FOUND FOR ATOM LIST
     7964 GROUP PAIRS REQUIRED ATOM SEARCHES

  
 CORREL>     
  
 CORREL>    ! Time series for the correlation in the disulfide bridge between
 CORREL>    ! CYS 14 - CYS 38 of S-S distance, C-S-S angle,
 CORREL>    ! C-S-S-C dihedral angle
 CORREL>     
  
 CORREL>     
  
 CORREL>    ENTER SSDI DIST PRTA 14 SG PRTA 38 SG GEOMETRY
  
 CORREL>    ENTER CSSA ANGL PRTA 14 CB PRTA 14 SG PRTA 38 SG GEOMETRY
  
 CORREL>    ENTER CSSC DIHE PRTA 14 CB PRTA 14 SG PRTA 38 SG PRTA 38 CB GEOMETRY
  
 CORREL>     
  
 CORREL>    ! Fill the time series with data from the dynamics
 CORREL>    ! trajectory
 CORREL>     
  
 CORREL>    TRAJECTORY FIRSTU 1 NUNIT 1 skip 100
 The following time series will be filled:
                    SSDI
                    CSSA
                    CSSC



 READING TRAJECTORY FROM UNIT   1
   NUMBER OF COORDINATE SETS IN FILE:     500
   NUMBER OF PREVIOUS DYNAMICS STEPS:     100
   FREQUENCY FOR SAVING COORDINATES:      100
   NUMBER OF STEPS FOR CREATION RUN:    50000

 TITLE>  * THIS IS A TEMPLATE INPUT FILE FOR THE CHARMM PROGRAM
 TITLE>  * UNQUOTE AND CHANGE THOSE PARTS THAT YOU NEED.
 TITLE>  * A TITLE LIKE THIS WITH A LAST LINE CONTAINING ONLY A *
 TITLE>  * IS MANDATORY.
 TITLE>  *  DATE:     4/ 6/17     14:35:15      CREATED BY USER: student10
 TITLE>  *
 *****  WARNING  ***** BEGIN=       0 Was not specified. It has been set to:     100

  500 CORD RECORDS READ FROM   1 UNITS STARTING WITH UNIT   1
 RUNNING FROM STEP     100 TO    50000 SKIPPING  100 STEPS BETWEEN RECORDS
 Time step was  2.0454828E-02 AKMA time units.
    1 Series "SSDI"  Average =       2.034660  rms Fluctuation =       0.036486
    2 Series "CSSA"  Average =     104.763548  rms Fluctuation =       3.597362
    3 Series "CSSC"  Average =     104.729799  rms Fluctuation =       7.883127
  
 CORREL>     
  
 CORREL>    ! Report on statistics
 CORREL>     
  
 CORREL>    SHOW ALL
 NSER:   3
 NAMES:      SSDI        CSSA        CSSC
 TOTALS:          500         500         500
 AVERAGE:    2.034660  104.763548  104.729799
 FLUCT:      0.036486    3.597362    7.883127
 VECCOD:            1           1           1
 CLASS:      DIST        ANGL        DIHE
 VELCOD:            0           0           0
 SKIP:            100         100         100
 DELTA:      0.001000    0.001000    0.001000
 OFFST:      0.100000    0.100000    0.100000
 GECOD:             1           1           1
 VALUE:      0.000000    0.000000    1.000000
 Atom pointers for all time series:
 SERPT:     1     4     8
 SERNQ:     1     1     1
 QAT  :   208   592     1   205   208   592     1   205   208   592
          589     1
  
 CORREL>     
  
 CORREL>     
  
 CORREL>    ! The following command will write the correlation data of
 CORREL>    ! time series to an external file "correl.dat"
 CORREL>     
  
 CORREL>     
  
 CORREL>    OPEN WRITE UNIT 22 CARD NAME correl.dat
 VOPEN> Attempting to open::correl.dat::
 OPNLGU> Unit 22 opened for WRITE access to correl.dat
  
 CORREL>     
  
 CORREL>    WRITE ALL UNIT 22 DUMB TIME
 RDTITL> *
 RDTITL> No title read.
 VCLOSE: Closing unit   22 with status "KEEP"
  
 CORREL>     
  
 CORREL>    END
  
 CHARMM>     
  
 CHARMM>    STOP
 VCLOSE: Closing unit    1 with status "KEEP"
 VCLOSE: Closing unit    3 with status "KEEP"
$$$$$$  New timer profile $$$$$
 Total time              0.81200 Other:    0.00000

                    NORMAL TERMINATION BY NORMAL STOP
                    MAXIMUM STACK SPACE USED IS   47528
                    STACK CURRENTLY IN USE IS         0
                    NO WARNINGS WERE ISSUED
                    HEAP PRINTOUT-  HEAP SIZE  10240000
                    SPACE CURRENTLY IN USE IS     10048
                    MAXIMUM SPACE USED IS        333202
                    FREE LIST
            PRINHP> ADDRESS:         1 LENGTH:   9954202 NEXT:   9957019
            PRINHP> ADDRESS:   9957019 LENGTH:    275270 NEXT:  10239521
            PRINHP> ADDRESS:  10239521 LENGTH:       480 NEXT:         0

                    $$$$$ JOB ACCOUNTING INFORMATION $$$$$
                     ELAPSED TIME:     0.83  SECONDS 
                         CPU TIME:     0.80  SECONDS 
