------------------------------------------------------
Titration site: TYR-103 
pH       prot.
  12.30    0.9765
  12.40    0.9774
  12.50    0.9670
  12.60    0.9609
  12.70    0.9557
  12.80    0.9421
  12.90    0.9393
  13.00    0.9267
  13.10    0.9154
  13.20    0.8999
  13.30    0.8777
  13.40    0.8587
  13.50    0.8285
  13.60    0.8047
  13.70    0.7882
  13.80    0.7252
  13.90    0.6937
  14.00    0.6580
  14.10    0.5960
  14.20    0.5397
  14.30    0.5127
  14.40    0.4567
  14.50    0.4003
  14.60    0.3443
  14.70    0.3153
  14.80    0.2675
  14.90    0.2310
  15.00    0.1822
pK(1/2) for TYR-103      =   14.323
Slope of Hill plot for TYR-103      =    0.878
------------------------------------------------------
Titration site: TYR-146 
pH       prot.
------------------------------------------------------
Titration site: TYR-151 
pH       prot.
   9.70    0.9734
   9.90    0.9682
  10.00    0.9669
  10.10    0.9614
  10.20    0.9543
  10.30    0.9471
  10.40    0.9275
  10.50    0.9097
  10.60    0.9012
  10.70    0.8847
  10.80    0.8599
  10.90    0.8443
  11.00    0.8103
  11.10    0.7982
  11.20    0.7621
  11.30    0.7309
  11.40    0.6895
  11.50    0.6381
  11.60    0.6119
  11.70    0.5553
  11.80    0.5072
  11.90    0.4625
  12.00    0.4100
  12.10    0.3591
  12.20    0.3266
  12.30    0.2875
  12.40    0.2291
  12.50    0.2003
  12.60    0.1724
  12.70    0.1421
  12.80    0.1183
  12.90    0.0897
  13.00    0.0854
  13.10    0.0631
  13.20    0.0483
  13.30    0.0428
  13.40    0.0318
  13.50    0.0222
  13.60    0.0244
pK(1/2) for TYR-151      =   11.816
Slope of Hill plot for TYR-151      =    0.882
------------------------------------------------------
Titration site: ASP-20 
pH       prot.
  -0.90    0.9797
  -0.80    0.9754
  -0.70    0.9657
  -0.60    0.9578
  -0.50    0.9513
  -0.40    0.9258
  -0.30    0.9295
  -0.20    0.9092
  -0.10    0.8961
   0.00    0.8780
   0.10    0.8526
   0.20    0.8369
   0.30    0.7977
   0.40    0.7581
   0.50    0.7337
   0.60    0.6889
   0.70    0.6672
   0.80    0.6176
   0.90    0.5615
   1.00    0.5328
   1.10    0.4900
   1.20    0.4478
   1.30    0.4188
   1.40    0.3663
   1.50    0.3518
   1.60    0.3044
   1.70    0.2524
   1.80    0.2468
   1.90    0.2001
   2.00    0.1762
   2.10    0.1489
   2.20    0.1377
   2.30    0.1181
   2.40    0.1058
   2.50    0.0781
   2.60    0.0761
   2.70    0.0643
   2.80    0.0511
   2.90    0.0499
   3.00    0.0401
   3.10    0.0298
   3.20    0.0253
   3.30    0.0219
   3.40    0.0252
   3.50    0.0217
pK(1/2) for ASP-20       =    1.077
Slope of Hill plot for ASP-20       =    0.692
------------------------------------------------------
Titration site: ASP-27 
pH       prot.
  -1.10    0.9788
  -1.00    0.9744
  -0.90    0.9598
  -0.80    0.9586
  -0.70    0.9492
  -0.60    0.9390
  -0.50    0.9327
  -0.40    0.9052
  -0.30    0.8846
  -0.20    0.8759
  -0.10    0.8453
   0.00    0.8242
   0.10    0.8087
   0.20    0.7644
   0.30    0.7375
   0.40    0.7125
   0.50    0.6886
   0.60    0.6607
   0.70    0.6177
   0.80    0.6058
   0.90    0.5807
   1.00    0.5487
   1.10    0.5272
   1.20    0.4909
   1.30    0.4505
   1.40    0.4290
   1.50    0.3957
   1.60    0.3637
   1.70    0.3308
   1.80    0.2912
   1.90    0.2540
   2.00    0.2310
   2.10    0.2094
   2.20    0.1767
   2.30    0.1526
   2.40    0.1375
   2.50    0.1336
   2.60    0.1047
   2.70    0.0836
   2.80    0.0732
   2.90    0.0581
   3.00    0.0597
   3.10    0.0498
   3.20    0.0431
   3.30    0.0375
   3.40    0.0321
   3.50    0.0238
   3.60    0.0277
   3.70    0.0249
pK(1/2) for ASP-27       =    1.175
Slope of Hill plot for ASP-27       =    0.544
------------------------------------------------------
Titration site: ASP-44 
pH       prot.
  -0.80    0.9702
  -0.70    0.9678
  -0.60    0.9577
  -0.50    0.9452
  -0.40    0.9341
  -0.30    0.9177
  -0.20    0.9040
  -0.10    0.8833
   0.00    0.8572
   0.10    0.8307
   0.20    0.7980
   0.30    0.7680
   0.40    0.7312
   0.50    0.6772
   0.60    0.6217
   0.70    0.5965
   0.80    0.5335
   0.90    0.4796
   1.00    0.4460
   1.10    0.3763
   1.20    0.3468
   1.30    0.2895
   1.40    0.2598
   1.50    0.2221
   1.60    0.1983
   1.70    0.1672
   1.80    0.1542
   1.90    0.1239
   2.00    0.1134
   2.10    0.0903
   2.20    0.0756
   2.30    0.0668
   2.40    0.0601
   2.50    0.0422
   2.60    0.0378
   2.70    0.0403
   2.80    0.0308
   2.90    0.0266
pK(1/2) for ASP-44       =    0.862
Slope of Hill plot for ASP-44       =    0.874
------------------------------------------------------
Titration site: ASP-60 
pH       prot.
  -0.40    0.9780
  -0.30    0.9711
  -0.20    0.9688
  -0.10    0.9654
   0.00    0.9554
   0.10    0.9379
   0.20    0.9252
   0.30    0.9219
   0.40    0.9110
   0.50    0.8885
   0.60    0.8623
   0.70    0.8442
   0.80    0.8136
   0.90    0.7905
   1.00    0.7556
   1.10    0.7140
   1.20    0.6884
   1.30    0.6332
   1.40    0.5974
   1.50    0.5632
   1.60    0.5177
   1.70    0.4744
   1.80    0.4241
   1.90    0.3715
   2.00    0.3473
   2.10    0.2980
   2.20    0.2730
   2.30    0.2357
   2.40    0.2021
   2.50    0.1758
   2.60    0.1732
   2.70    0.1415
   2.80    0.1161
   2.90    0.1062
   3.00    0.0884
   3.10    0.0811
   3.20    0.0628
   3.30    0.0534
   3.40    0.0517
   3.50    0.0487
   3.60    0.0383
   3.70    0.0247
   3.80    0.0288
   3.90    0.0211
pK(1/2) for ASP-60       =    1.641
Slope of Hill plot for ASP-60       =    0.801
------------------------------------------------------
Titration site: ASP-122 
pH       prot.
  -2.60    0.9784
  -2.50    0.9739
  -2.40    0.9694
  -2.30    0.9575
  -2.20    0.9405
  -2.10    0.9305
  -2.00    0.9238
  -1.90    0.9074
  -1.80    0.8770
  -1.70    0.8625
  -1.60    0.8087
  -1.50    0.7817
  -1.40    0.7439
  -1.30    0.7043
  -1.20    0.6538
  -1.10    0.6018
  -1.00    0.5457
  -0.90    0.4854
  -0.80    0.4340
  -0.70    0.3723
  -0.60    0.3290
  -0.50    0.2766
  -0.40    0.2495
  -0.30    0.1974
  -0.20    0.1663
  -0.10    0.1391
   0.00    0.1242
   0.10    0.0986
   0.20    0.0807
   0.30    0.0626
   0.40    0.0523
   0.50    0.0454
   0.60    0.0456
   0.70    0.0332
   0.80    0.0290
   0.90    0.0242
pK(1/2) for ASP-122      =   -0.924
Slope of Hill plot for ASP-122      =    1.001
------------------------------------------------------
Titration site: ASP-126 
pH       prot.
   1.90    0.9679
   2.00    0.9699
   2.10    0.9563
   2.20    0.9460
   2.30    0.9381
   2.40    0.9146
   2.50    0.9033
   2.60    0.8882
   2.70    0.8602
   2.80    0.8268
   2.90    0.8119
   3.00    0.7711
   3.10    0.7408
   3.20    0.6907
   3.30    0.6482
   3.40    0.5958
   3.50    0.5555
   3.60    0.4972
   3.70    0.4473
   3.80    0.3976
   3.90    0.3526
   4.00    0.3064
   4.10    0.2713
   4.20    0.2370
   4.30    0.1907
   4.40    0.1669
   4.50    0.1465
   4.60    0.1111
   4.70    0.0952
   4.80    0.0805
   4.90    0.0758
   5.00    0.0528
   5.10    0.0488
   5.20    0.0415
   5.30    0.0350
   5.40    0.0296
   5.50    0.0248
   5.60    0.0219
pK(1/2) for ASP-126      =    3.595
Slope of Hill plot for ASP-126      =    0.889
------------------------------------------------------
Titration site: ASP-141 
pH       prot.
   2.70    0.9777
   2.80    0.9755
   2.90    0.9695
   3.00    0.9715
   3.10    0.9634
   3.20    0.9607
   3.30    0.9544
   3.40    0.9464
   3.50    0.9398
   3.60    0.9366
   3.70    0.9182
   3.80    0.9151
   3.90    0.9119
   4.00    0.8898
   4.10    0.8681
   4.20    0.8580
   4.30    0.8494
   4.40    0.8266
   4.50    0.7976
   4.60    0.7680
   4.70    0.7424
   4.80    0.6938
   4.90    0.6483
   5.00    0.6132
   5.10    0.5703
   5.20    0.5332
   5.30    0.4872
   5.40    0.4384
   5.50    0.3930
   5.60    0.3407
   5.70    0.2991
   5.80    0.2660
   5.90    0.2476
   6.00    0.2092
   6.10    0.1786
   6.20    0.1618
   6.30    0.1443
   6.40    0.1142
   6.50    0.1083
   6.60    0.0908
   6.70    0.0809
   6.80    0.0655
   6.90    0.0587
   7.00    0.0584
   7.10    0.0479
   7.20    0.0382
   7.30    0.0340
   7.40    0.0292
   7.50    0.0211
pK(1/2) for ASP-141      =    5.272
Slope of Hill plot for ASP-141      =    0.776
------------------------------------------------------
Titration site: GLU-4 
pH       prot.
  -0.80    0.9768
  -0.70    0.9789
  -0.60    0.9706
  -0.50    0.9674
  -0.40    0.9618
  -0.30    0.9475
  -0.20    0.9367
  -0.10    0.9154
   0.00    0.8969
   0.10    0.8709
   0.20    0.8476
   0.30    0.8158
   0.40    0.7883
   0.50    0.7494
   0.60    0.6982
   0.70    0.6685
   0.80    0.6042
   0.90    0.5612
   1.00    0.5008
   1.10    0.4638
   1.20    0.4030
   1.30    0.3646
   1.40    0.3086
   1.50    0.2650
   1.60    0.2383
   1.70    0.1972
   1.80    0.1611
   1.90    0.1405
   2.00    0.1216
   2.10    0.0918
   2.20    0.0873
   2.30    0.0603
   2.40    0.0468
   2.50    0.0442
   2.60    0.0365
   2.70    0.0334
   2.80    0.0257
pK(1/2) for GLU-4        =    1.002
Slope of Hill plot for GLU-4        =    0.863
------------------------------------------------------
Titration site: GLU-6 
pH       prot.
  -0.70    0.9702
  -0.60    0.9615
  -0.50    0.9615
  -0.40    0.9569
  -0.30    0.9416
  -0.20    0.9244
  -0.10    0.9036
   0.00    0.8825
   0.10    0.8670
   0.20    0.8351
   0.30    0.8099
   0.40    0.7754
   0.50    0.7184
   0.60    0.6845
   0.70    0.6338
   0.80    0.5712
   0.90    0.5400
   1.00    0.5026
   1.10    0.4371
   1.20    0.4152
   1.30    0.3363
   1.40    0.2956
   1.50    0.2596
   1.60    0.2200
   1.70    0.1802
   1.80    0.1533
   1.90    0.1329
   2.00    0.1024
   2.10    0.0970
   2.20    0.0726
   2.30    0.0693
   2.40    0.0554
   2.50    0.0434
   2.60    0.0358
   2.70    0.0304
   2.80    0.0270
pK(1/2) for GLU-6        =    1.004
Slope of Hill plot for GLU-6        =    0.819
------------------------------------------------------
Titration site: GLU-18 
pH       prot.
   0.40    0.9786
   0.50    0.9756
   0.60    0.9715
   0.70    0.9622
   0.80    0.9547
   0.90    0.9431
   1.00    0.9365
   1.10    0.9222
   1.20    0.8973
   1.30    0.8934
   1.40    0.8697
   1.50    0.8480
   1.60    0.8077
   1.70    0.7769
   1.80    0.7439
   1.90    0.7254
   2.00    0.6527
   2.10    0.6240
   2.20    0.5787
   2.30    0.5286
   2.40    0.4857
   2.50    0.4290
   2.60    0.3902
   2.70    0.3424
   2.80    0.3022
   2.90    0.2567
   3.00    0.2222
   3.10    0.1956
   3.20    0.1604
   3.30    0.1409
   3.40    0.1230
   3.50    0.1000
   3.60    0.0869
   3.70    0.0764
   3.80    0.0610
   3.90    0.0501
   4.00    0.0483
   4.10    0.0362
   4.20    0.0259
   4.30    0.0232
   4.40    0.0232
pK(1/2) for GLU-18       =    2.367
Slope of Hill plot for GLU-18       =    0.837
------------------------------------------------------
Titration site: GLU-38 
pH       prot.
   1.30    0.9748
   1.40    0.9757
   1.50    0.9696
   1.60    0.9624
   1.70    0.9563
   1.80    0.9439
   1.90    0.9344
   2.00    0.9194
   2.10    0.8930
   2.20    0.8868
   2.30    0.8445
   2.40    0.8318
   2.50    0.7890
   2.60    0.7660
   2.70    0.7197
   2.80    0.6765
   2.90    0.6402
   3.00    0.5928
   3.10    0.5604
   3.20    0.5130
   3.30    0.4630
   3.40    0.4282
   3.50    0.3981
   3.60    0.3600
   3.70    0.3462
   3.80    0.2925
   3.90    0.2690
   4.00    0.2399
   4.10    0.2385
   4.20    0.2064
   4.30    0.1884
   4.40    0.1749
   4.50    0.1654
   4.60    0.1334
   4.70    0.1311
   4.80    0.1280
   4.90    0.0993
   5.00    0.0980
   5.10    0.0957
   5.20    0.0947
   5.30    0.0818
   5.40    0.0793
   5.50    0.0659
   5.60    0.0675
   5.70    0.0628
   5.80    0.0588
   5.90    0.0587
   6.00    0.0532
   6.10    0.0496
   6.20    0.0476
   6.30    0.0422
   6.40    0.0400
   6.50    0.0289
   6.60    0.0327
   6.70    0.0254
   6.80    0.0257
   6.90    0.0213
pK(1/2) for GLU-38       =    3.226
Slope of Hill plot for GLU-38       =    0.712
------------------------------------------------------
Titration site: GLU-41 
pH       prot.
   1.80    0.9789
   1.90    0.9751
   2.00    0.9634
   2.10    0.9588
   2.20    0.9455
   2.30    0.9402
   2.40    0.9237
   2.50    0.9152
   2.60    0.8974
   2.70    0.8755
   2.80    0.8429
   2.90    0.8192
   3.00    0.7994
   3.10    0.7574
   3.20    0.7286
   3.30    0.6726
   3.40    0.6263
   3.50    0.5847
   3.60    0.5464
   3.70    0.4880
   3.80    0.4247
   3.90    0.3855
   4.00    0.3463
   4.10    0.2937
   4.20    0.2820
   4.30    0.2213
   4.40    0.1908
   4.50    0.1680
   4.60    0.1438
   4.70    0.1118
   4.80    0.0954
   4.90    0.0764
   5.00    0.0650
   5.10    0.0542
   5.20    0.0513
   5.30    0.0378
   5.40    0.0303
   5.50    0.0227
   5.60    0.0228
pK(1/2) for GLU-41       =    3.679
Slope of Hill plot for GLU-41       =    0.879
------------------------------------------------------
Titration site: GLU-52 
pH       prot.
  -1.10    0.9754
  -1.00    0.9688
  -0.90    0.9617
  -0.80    0.9564
  -0.70    0.9397
  -0.60    0.9291
  -0.50    0.9230
  -0.40    0.8903
  -0.30    0.8776
  -0.20    0.8540
  -0.10    0.8238
   0.00    0.7850
   0.10    0.7392
   0.20    0.7219
   0.30    0.6765
   0.40    0.6383
   0.50    0.5970
   0.60    0.5555
   0.70    0.5095
   0.80    0.4613
   0.90    0.4110
   1.00    0.3693
   1.10    0.3227
   1.20    0.2967
   1.30    0.2676
   1.40    0.2259
   1.50    0.1965
   1.60    0.1691
   1.70    0.1431
   1.80    0.1145
   1.90    0.1103
   2.00    0.0921
   2.10    0.0769
   2.20    0.0699
   2.30    0.0584
   2.40    0.0456
   2.50    0.0386
   2.60    0.0282
   2.80    0.0240
pK(1/2) for GLU-52       =    0.720
Slope of Hill plot for GLU-52       =    0.817
------------------------------------------------------
Titration site: GLU-54 
pH       prot.
   1.90    0.9795
   2.00    0.9780
   2.10    0.9722
   2.20    0.9626
   2.30    0.9607
   2.40    0.9415
   2.50    0.9308
   2.60    0.9152
   2.70    0.8967
   2.80    0.8696
   2.90    0.8455
   3.00    0.8112
   3.10    0.8109
   3.20    0.7522
   3.30    0.7177
   3.40    0.6747
   3.50    0.6202
   3.60    0.5627
   3.70    0.5356
   3.80    0.4838
   3.90    0.4255
   4.00    0.3898
   4.10    0.3423
   4.20    0.2907
   4.30    0.2640
   4.40    0.2412
   4.50    0.2008
   4.60    0.1797
   4.70    0.1567
   4.80    0.1314
   4.90    0.1139
   5.00    0.0896
   5.10    0.0937
   5.20    0.0654
   5.30    0.0568
   5.40    0.0400
   5.50    0.0340
   5.60    0.0287
   5.70    0.0243
   5.90    0.0242
pK(1/2) for GLU-54       =    3.769
Slope of Hill plot for GLU-54       =    0.813
------------------------------------------------------
Titration site: GLU-59 
pH       prot.
   2.60    0.9788
   2.70    0.9682
   2.80    0.9686
   2.90    0.9628
   3.00    0.9518
   3.10    0.9488
   3.20    0.9382
   3.30    0.9169
   3.40    0.9003
   3.50    0.8827
   3.60    0.8505
   3.70    0.8313
   3.80    0.8010
   3.90    0.7567
   4.00    0.7036
   4.10    0.6666
   4.20    0.6207
   4.30    0.5724
   4.40    0.5104
   4.50    0.4660
   4.60    0.4281
   4.70    0.3660
   4.80    0.3141
   4.90    0.2798
   5.00    0.2462
   5.10    0.1893
   5.20    0.1657
   5.30    0.1375
   5.40    0.1172
   5.50    0.0985
   5.60    0.0793
   5.70    0.0628
   5.80    0.0487
   5.90    0.0391
   6.00    0.0261
   6.10    0.0286
   6.20    0.0223
pK(1/2) for GLU-59       =    4.423
Slope of Hill plot for GLU-59       =    0.885
------------------------------------------------------
Titration site: GLU-83 
pH       prot.
   1.30    0.9773
   1.40    0.9738
   1.50    0.9739
   1.60    0.9562
   1.70    0.9547
   1.80    0.9526
   1.90    0.9240
   2.00    0.9278
   2.10    0.9138
   2.20    0.8857
   2.30    0.8810
   2.40    0.8624
   2.50    0.8452
   2.60    0.8167
   2.70    0.7895
   2.80    0.7683
   2.90    0.7216
   3.00    0.7055
   3.10    0.6571
   3.20    0.6323
   3.30    0.5851
   3.40    0.5483
   3.50    0.5068
   3.60    0.4477
   3.70    0.4287
   3.80    0.3639
   3.90    0.3166
   4.00    0.2987
   4.10    0.2750
   4.20    0.2203
   4.30    0.1947
   4.40    0.1730
   4.50    0.1454
   4.60    0.1209
   4.70    0.1095
   4.80    0.0897
   4.90    0.0862
   5.00    0.0668
   5.10    0.0638
   5.20    0.0518
   5.30    0.0440
   5.40    0.0454
   5.50    0.0349
   5.60    0.0213
   5.70    0.0267
   5.80    0.0203
pK(1/2) for GLU-83       =    3.511
Slope of Hill plot for GLU-83       =    0.768
------------------------------------------------------
Titration site: GLU-85 
pH       prot.
   0.40    0.9780
   0.50    0.9767
   0.60    0.9704
   0.70    0.9594
   0.80    0.9607
   0.90    0.9471
   1.00    0.9427
   1.10    0.9265
   1.20    0.9201
   1.30    0.8962
   1.40    0.8703
   1.50    0.8458
   1.60    0.8164
   1.70    0.8025
   1.80    0.7597
   1.90    0.7150
   2.00    0.6900
   2.10    0.6350
   2.20    0.5833
   2.30    0.5582
   2.40    0.5154
   2.50    0.4525
   2.60    0.4229
   2.70    0.3742
   2.80    0.3493
   2.90    0.3184
   3.00    0.2742
   3.10    0.2606
   3.20    0.2062
   3.30    0.1897
   3.40    0.1711
   3.50    0.1418
   3.60    0.1305
   3.70    0.1065
   3.80    0.0967
   3.90    0.0853
   4.00    0.0722
   4.10    0.0484
   4.20    0.0464
   4.30    0.0453
   4.40    0.0338
   4.50    0.0235
   4.60    0.0231
pK(1/2) for GLU-85       =    2.424
Slope of Hill plot for GLU-85       =    0.762
------------------------------------------------------
Titration site: GLU-105 
pH       prot.
  -1.30    0.9777
  -1.20    0.9792
  -1.10    0.9769
  -1.00    0.9699
  -0.90    0.9602
  -0.80    0.9527
  -0.70    0.9395
  -0.60    0.9214
  -0.50    0.8981
  -0.40    0.8824
  -0.30    0.8549
  -0.20    0.8255
  -0.10    0.8086
   0.00    0.7516
   0.10    0.7222
   0.20    0.6766
   0.30    0.6210
   0.40    0.5724
   0.50    0.5156
   0.60    0.4545
   0.70    0.4034
   0.80    0.3642
   0.90    0.3191
   1.00    0.2764
   1.10    0.2481
   1.20    0.1955
   1.30    0.1559
   1.40    0.1361
   1.50    0.1068
   1.60    0.0929
   1.70    0.0800
   1.80    0.0580
   1.90    0.0528
   2.00    0.0398
   2.10    0.0356
   2.20    0.0296
   2.30    0.0278
pK(1/2) for GLU-105      =    0.526
Slope of Hill plot for GLU-105      =    0.937
------------------------------------------------------
Titration site: GLU-109 
pH       prot.
   2.10    0.9730
   2.20    0.9737
   2.30    0.9689
   2.40    0.9521
   2.50    0.9493
   2.60    0.9391
   2.70    0.9329
   2.80    0.9220
   2.90    0.9076
   3.00    0.8864
   3.10    0.8759
   3.20    0.8458
   3.30    0.8458
   3.40    0.8140
   3.50    0.7966
   3.60    0.7688
   3.70    0.7467
   3.80    0.7248
   3.90    0.6862
   4.00    0.6607
   4.10    0.6394
   4.20    0.5742
   4.30    0.5506
   4.40    0.5250
   4.50    0.4775
   4.60    0.4328
   4.70    0.3976
   4.80    0.3481
   4.90    0.3258
   5.00    0.2921
   5.10    0.2426
   5.20    0.2092
   5.30    0.1839
   5.40    0.1629
   5.50    0.1373
   5.60    0.1129
   5.70    0.1108
   5.80    0.0939
   5.90    0.0715
   6.00    0.0600
   6.10    0.0531
   6.20    0.0470
   6.30    0.0376
   6.40    0.0363
   6.50    0.0312
   6.60    0.0282
   6.70    0.0234
   6.80    0.0234
pK(1/2) for GLU-109      =    4.453
Slope of Hill plot for GLU-109      =    0.643
------------------------------------------------------
Titration site: GLU-136 
pH       prot.
   1.70    0.9757
   1.80    0.9775
   1.90    0.9620
   2.00    0.9468
   2.10    0.9365
   2.20    0.9307
   2.30    0.9109
   2.40    0.9019
   2.50    0.8774
   2.60    0.8540
   2.70    0.8252
   2.80    0.7915
   2.90    0.7670
   3.00    0.7451
   3.10    0.6771
   3.20    0.6488
   3.30    0.5934
   3.40    0.5483
   3.50    0.4997
   3.60    0.4628
   3.70    0.4227
   3.80    0.3831
   3.90    0.3476
   4.00    0.3113
   4.10    0.2620
   4.20    0.2296
   4.30    0.2067
   4.40    0.1776
   4.50    0.1564
   4.60    0.1290
   4.70    0.1181
   4.80    0.0875
   4.90    0.0792
   5.00    0.0744
   5.10    0.0629
   5.20    0.0508
   5.30    0.0469
   5.40    0.0366
   5.50    0.0327
   5.60    0.0348
   5.70    0.0314
pK(1/2) for GLU-136      =    3.499
Slope of Hill plot for GLU-136      =    0.795
------------------------------------------------------
Titration site: GLU-148 
pH       prot.
   1.30    0.9727
   1.40    0.9647
   1.50    0.9565
   1.60    0.9459
   1.70    0.9339
   1.80    0.9254
   1.90    0.8954
   2.00    0.8755
   2.10    0.8414
   2.20    0.8415
   2.30    0.7972
   2.40    0.7662
   2.50    0.7117
   2.60    0.6700
   2.70    0.6431
   2.80    0.5760
   2.90    0.5323
   3.00    0.4785
   3.10    0.4135
   3.20    0.3700
   3.30    0.3292
   3.40    0.2937
   3.50    0.2549
   3.60    0.2193
   3.70    0.1867
   3.80    0.1526
   3.90    0.1289
   4.00    0.1065
   4.10    0.0794
   4.20    0.0680
   4.30    0.0614
   4.40    0.0465
   4.50    0.0337
   4.60    0.0290
   4.70    0.0268
   4.80    0.0201
pK(1/2) for GLU-148      =    2.960
Slope of Hill plot for GLU-148      =    0.966
------------------------------------------------------
Titration site: LYS-16 
pH       prot.
   8.50    0.9741
   8.60    0.9703
   8.70    0.9574
   8.80    0.9428
   8.90    0.9497
   9.00    0.9173
   9.10    0.8994
   9.20    0.8696
   9.30    0.8456
   9.40    0.8112
   9.50    0.8063
   9.60    0.7430
   9.70    0.6984
   9.80    0.6449
   9.90    0.6019
  10.00    0.5345
  10.10    0.4863
  10.20    0.4388
  10.30    0.3635
  10.40    0.3373
  10.50    0.2852
  10.60    0.2327
  10.70    0.2023
  10.80    0.1610
  10.90    0.1475
  11.00    0.1118
  11.10    0.0932
  11.20    0.0795
  11.30    0.0639
  11.40    0.0550
  11.50    0.0397
  11.60    0.0352
  11.70    0.0295
  11.80    0.0225
pK(1/2) for LYS-16       =   10.072
Slope of Hill plot for LYS-16       =    0.987
------------------------------------------------------
Titration site: LYS-34 
pH       prot.
  10.00    0.9769
  10.10    0.9660
  10.20    0.9666
  10.30    0.9565
  10.40    0.9470
  10.50    0.9311
  10.60    0.9156
  10.70    0.9101
  10.80    0.8873
  10.90    0.8717
  11.00    0.8502
  11.10    0.8329
  11.20    0.7930
  11.30    0.7791
  11.40    0.7421
  11.50    0.7280
  11.60    0.6747
  11.70    0.6471
  11.80    0.6018
  11.90    0.5748
  12.00    0.5448
  12.10    0.4963
  12.20    0.4575
  12.30    0.4230
  12.40    0.3897
  12.50    0.3545
  12.60    0.3008
  12.70    0.2815
  12.80    0.2408
  12.90    0.2174
  13.00    0.1795
  13.10    0.1510
  13.20    0.1333
  13.30    0.1036
  13.40    0.0922
  13.50    0.0662
  13.60    0.0625
  13.70    0.0483
  13.80    0.0406
  13.90    0.0299
  14.00    0.0284
  14.10    0.0249
pK(1/2) for LYS-34       =   12.092
Slope of Hill plot for LYS-34       =    0.649
------------------------------------------------------
Titration site: LYS-42 
pH       prot.
   6.90    0.9795
   7.00    0.9724
   7.10    0.9682
   7.20    0.9569
   7.30    0.9555
   7.40    0.9458
   7.50    0.9407
   7.60    0.9250
   7.70    0.9228
   7.80    0.9073
   7.90    0.8797
   8.00    0.8662
   8.10    0.8391
   8.20    0.8173
   8.30    0.7940
   8.40    0.7587
   8.50    0.7292
   8.60    0.6935
   8.70    0.6552
   8.80    0.6142
   8.90    0.5788
   9.00    0.5368
   9.10    0.5252
   9.20    0.5007
   9.30    0.5010
   9.40    0.4621
   9.50    0.4524
   9.60    0.4065
   9.70    0.3865
   9.80    0.4086
   9.90    0.3924
  10.00    0.3953
  10.10    0.3771
  10.20    0.3466
  10.30    0.3346
  10.40    0.3219
  10.50    0.3088
  10.60    0.2796
  10.70    0.2838
  10.80    0.2660
  10.90    0.2464
  11.00    0.2134
  11.10    0.2041
  11.20    0.1842
  11.30    0.1824
  11.40    0.1451
  11.50    0.1274
  11.60    0.1142
  11.70    0.0994
  11.80    0.0919
  11.90    0.0740
  12.00    0.0777
  12.10    0.0575
  12.20    0.0476
  12.30    0.0452
  12.40    0.0403
  12.50    0.0309
  12.60    0.0254
pK(1/2) for LYS-42       =    9.303
Slope of Hill plot for LYS-42       =    0.389
------------------------------------------------------
Titration site: LYS-47 
pH       prot.
  12.60    0.9753
  12.70    0.9651
  12.80    0.9580
  12.90    0.9489
  13.00    0.9458
  13.10    0.9293
  13.20    0.9097
  13.30    0.8939
  13.40    0.8683
  13.50    0.8370
  13.60    0.8155
  13.70    0.7787
  13.80    0.7280
  13.90    0.6879
  14.00    0.6405
  14.10    0.6007
  14.20    0.5349
  14.30    0.4890
  14.40    0.4293
  14.50    0.3749
  14.60    0.3407
  14.70    0.2819
  14.80    0.2643
  14.90    0.2175
  15.00    0.1739
pK(1/2) for LYS-47       =   14.276
Slope of Hill plot for LYS-47       =    0.956
------------------------------------------------------
Titration site: LYS-50 
pH       prot.
   9.20    0.9794
   9.30    0.9770
   9.40    0.9687
   9.50    0.9677
   9.60    0.9580
   9.70    0.9410
   9.80    0.9187
   9.90    0.9212
  10.00    0.8875
  10.10    0.8718
  10.20    0.8416
  10.30    0.7967
  10.40    0.7851
  10.50    0.7152
  10.60    0.6789
  10.70    0.6585
  10.80    0.5988
  10.90    0.5454
  11.00    0.4887
  11.10    0.4338
  11.20    0.3796
  11.30    0.3295
  11.40    0.2980
  11.50    0.2513
  11.60    0.2309
  11.70    0.1821
  11.80    0.1574
  11.90    0.1257
  12.00    0.0963
  12.10    0.0921
  12.20    0.0748
  12.30    0.0679
  12.40    0.0427
  12.50    0.0408
  12.60    0.0330
  12.70    0.0262
pK(1/2) for LYS-50       =   10.980
Slope of Hill plot for LYS-50       =    0.988
------------------------------------------------------
Titration site: LYS-56 
pH       prot.
   9.60    0.9723
   9.70    0.9670
   9.80    0.9606
   9.90    0.9483
  10.00    0.9387
  10.10    0.9313
  10.20    0.9037
  10.30    0.8991
  10.40    0.8839
  10.50    0.8428
  10.60    0.8121
  10.70    0.7949
  10.80    0.7693
  10.90    0.7387
  11.00    0.6865
  11.10    0.6475
  11.20    0.6116
  11.30    0.5499
  11.40    0.5213
  11.50    0.4813
  11.60    0.4511
  11.70    0.3914
  11.80    0.3580
  11.90    0.3347
  12.00    0.3075
  12.10    0.2561
  12.20    0.2376
  12.30    0.2007
  12.40    0.1819
  12.50    0.1616
  12.60    0.1288
  12.70    0.1121
  12.80    0.0940
  12.90    0.0822
  13.00    0.0654
  13.10    0.0594
  13.20    0.0564
  13.30    0.0420
  13.40    0.0329
  13.50    0.0323
  13.60    0.0277
  13.70    0.0220
pK(1/2) for LYS-56       =   11.453
Slope of Hill plot for LYS-56       =    0.723
------------------------------------------------------
Titration site: LYS-62 
pH       prot.
   9.20    0.9748
   9.30    0.9754
   9.40    0.9717
   9.50    0.9660
   9.60    0.9492
   9.70    0.9464
   9.80    0.9354
   9.90    0.9112
  10.00    0.9021
  10.10    0.8723
  10.20    0.8496
  10.30    0.8228
  10.40    0.7796
  10.50    0.7577
  10.60    0.7147
  10.70    0.6443
  10.80    0.6146
  10.90    0.5668
  11.00    0.5265
  11.10    0.4723
  11.20    0.4196
  11.30    0.3871
  11.40    0.3422
  11.50    0.2835
  11.60    0.2530
  11.70    0.2351
  11.80    0.1798
  11.90    0.1551
  12.00    0.1349
  12.10    0.0990
  12.20    0.0883
  12.30    0.0755
  12.40    0.0660
  12.50    0.0575
  12.60    0.0395
  12.70    0.0387
  12.80    0.0299
  13.00    0.0242
pK(1/2) for LYS-62       =   11.049
Slope of Hill plot for LYS-62       =    0.822
------------------------------------------------------
Titration site: LYS-63 
pH       prot.
   9.30    0.9725
   9.40    0.9694
   9.50    0.9634
   9.60    0.9502
   9.70    0.9459
   9.80    0.9252
   9.90    0.9133
  10.00    0.9013
  10.10    0.8751
  10.20    0.8479
  10.30    0.8214
  10.40    0.7911
  10.50    0.7449
  10.60    0.6960
  10.70    0.6557
  10.80    0.6062
  10.90    0.5445
  11.00    0.5073
  11.10    0.4525
  11.20    0.4033
  11.30    0.3440
  11.40    0.3024
  11.50    0.2638
  11.60    0.2313
  11.70    0.1953
  11.80    0.1602
  11.90    0.1346
  12.00    0.1069
  12.10    0.0814
  12.20    0.0706
  12.30    0.0575
  12.40    0.0580
  12.50    0.0438
  12.60    0.0350
  12.70    0.0226
  12.80    0.0221
  12.90    0.0224
pK(1/2) for LYS-63       =   11.013
Slope of Hill plot for LYS-63       =    0.908
------------------------------------------------------
Titration site: LYS-77 
pH       prot.
  10.30    0.9795
  10.40    0.9734
  10.50    0.9708
  10.60    0.9705
  10.70    0.9558
  10.80    0.9445
  10.90    0.9521
  11.00    0.9323
  11.10    0.9133
  11.20    0.9018
  11.30    0.8816
  11.40    0.8545
  11.50    0.8140
  11.60    0.8082
  11.70    0.7544
  11.80    0.7364
  11.90    0.6756
  12.00    0.6366
  12.10    0.5901
  12.20    0.5544
  12.30    0.4930
  12.40    0.4642
  12.50    0.4094
  12.60    0.3598
  12.70    0.3262
  12.80    0.2776
  12.90    0.2468
  13.00    0.2134
  13.10    0.1748
  13.20    0.1354
  13.30    0.1371
  13.40    0.1036
  13.50    0.0958
  13.60    0.0677
  13.70    0.0573
  13.80    0.0490
  13.90    0.0384
  14.00    0.0386
  14.20    0.0228
pK(1/2) for LYS-77       =   12.289
Slope of Hill plot for LYS-77       =    0.795
------------------------------------------------------
Titration site: LYS-78 
pH       prot.
  10.40    0.9758
  10.50    0.9691
  10.60    0.9607
  10.70    0.9596
  10.80    0.9479
  10.90    0.9372
  11.00    0.9202
  11.10    0.9079
  11.20    0.8917
  11.30    0.8473
  11.40    0.8462
  11.50    0.8085
  11.60    0.7775
  11.70    0.7289
  11.80    0.6990
  11.90    0.6610
  12.00    0.6212
  12.10    0.5729
  12.20    0.5292
  12.30    0.4787
  12.40    0.4217
  12.50    0.3871
  12.60    0.3452
  12.70    0.3062
  12.80    0.2645
  12.90    0.2197
  13.00    0.1924
  13.10    0.1694
  13.20    0.1447
  13.30    0.1171
  13.40    0.0906
  13.50    0.0723
  13.60    0.0634
  13.70    0.0559
  13.80    0.0435
  13.90    0.0410
  14.00    0.0232
  14.10    0.0245
pK(1/2) for LYS-78       =   12.258
Slope of Hill plot for LYS-78       =    0.844
------------------------------------------------------
Titration site: LYS-79 
pH       prot.
  12.00    0.9778
  12.20    0.9733
  12.30    0.9722
  12.40    0.9616
  12.50    0.9561
  12.60    0.9424
  12.70    0.9446
  12.80    0.9270
  12.90    0.9058
  13.00    0.8811
  13.10    0.8657
  13.20    0.8317
  13.30    0.8043
  13.40    0.7781
  13.50    0.7290
  13.60    0.6930
  13.70    0.6529
  13.80    0.5959
  13.90    0.5480
  14.00    0.5047
  14.10    0.4380
  14.20    0.3788
  14.30    0.3294
  14.40    0.2820
  14.50    0.2395
  14.60    0.2019
  14.70    0.1678
  14.80    0.1435
  14.90    0.1159
  15.00    0.0927
pK(1/2) for LYS-79       =   14.007
Slope of Hill plot for LYS-79       =    0.971
------------------------------------------------------
Titration site: LYS-87 
pH       prot.
   8.60    0.9795
   8.70    0.9770
   8.80    0.9589
   8.90    0.9593
   9.00    0.9533
   9.10    0.9464
   9.20    0.9238
   9.30    0.9073
   9.40    0.8930
   9.50    0.8668
   9.60    0.8479
   9.70    0.8187
   9.80    0.7868
   9.90    0.7390
  10.00    0.7089
  10.10    0.6666
  10.20    0.6125
  10.30    0.5812
  10.40    0.5405
  10.50    0.4923
  10.60    0.4626
  10.70    0.4166
  10.80    0.3733
  10.90    0.3270
  11.00    0.2961
  11.10    0.2725
  11.20    0.2515
  11.30    0.2107
  11.40    0.1877
  11.50    0.1583
  11.60    0.1390
  11.70    0.1252
  11.80    0.1118
  11.90    0.1033
  12.00    0.0787
  12.10    0.0675
  12.20    0.0544
  12.30    0.0484
  12.40    0.0352
  12.50    0.0320
  12.60    0.0255
  12.70    0.0256
  12.80    0.0246
pK(1/2) for LYS-87       =   10.484
Slope of Hill plot for LYS-87       =    0.694
------------------------------------------------------
Titration site: LYS-96 
pH       prot.
   9.00    0.9789
   9.10    0.9800
   9.20    0.9748
   9.30    0.9680
   9.40    0.9499
   9.50    0.9413
   9.60    0.9260
   9.70    0.9071
   9.80    0.8760
   9.90    0.8639
  10.00    0.8316
  10.10    0.8334
  10.20    0.7867
  10.30    0.7493
  10.40    0.7080
  10.50    0.6622
  10.60    0.6087
  10.70    0.5427
  10.80    0.5157
  10.90    0.4476
  11.00    0.4177
  11.10    0.3450
  11.20    0.3334
  11.30    0.2767
  11.40    0.2472
  11.50    0.1988
  11.60    0.1817
  11.70    0.1575
  11.80    0.1191
  11.90    0.1097
  12.00    0.0928
  12.10    0.0775
  12.20    0.0544
  12.30    0.0495
  12.40    0.0468
  12.50    0.0353
  12.60    0.0363
  12.70    0.0302
pK(1/2) for LYS-96       =   10.823
Slope of Hill plot for LYS-96       =    0.893
------------------------------------------------------
Titration site: LYS-98 
pH       prot.
   7.40    0.9775
   7.50    0.9683
   7.60    0.9590
   7.70    0.9541
   7.80    0.9461
   7.90    0.9335
   8.00    0.9238
   8.10    0.9052
   8.20    0.8884
   8.30    0.8690
   8.40    0.8576
   8.50    0.8412
   8.60    0.8059
   8.70    0.7891
   8.80    0.7856
   8.90    0.7466
   9.00    0.7412
   9.10    0.7092
   9.20    0.6854
   9.30    0.6502
   9.40    0.6596
   9.50    0.6418
   9.60    0.6508
   9.70    0.6427
   9.80    0.6019
   9.90    0.5762
  10.00    0.5669
  10.10    0.5457
  10.20    0.5448
  10.30    0.5329
  10.40    0.5117
  10.50    0.4862
  10.60    0.4648
  10.70    0.4166
  10.80    0.4090
  10.90    0.3721
  11.00    0.3537
  11.10    0.3118
  11.20    0.2857
  11.30    0.2409
  11.40    0.2150
  11.50    0.1937
  11.60    0.1710
  11.70    0.1516
  11.80    0.1158
  11.90    0.1149
  12.00    0.0847
  12.10    0.0766
  12.20    0.0662
  12.30    0.0667
  12.40    0.0450
  12.50    0.0377
  12.60    0.0295
  12.70    0.0285
  12.80    0.0222
pK(1/2) for LYS-98       =   10.446
Slope of Hill plot for LYS-98       =    0.435
------------------------------------------------------
Titration site: LYS-102 
pH       prot.
  10.70    0.9788
  10.90    0.9712
  11.00    0.9611
  11.10    0.9595
  11.20    0.9516
  11.30    0.9425
  11.40    0.9257
  11.50    0.9131
  11.60    0.8870
  11.70    0.8843
  11.80    0.8769
  11.90    0.8436
  12.00    0.8199
  12.10    0.8037
  12.20    0.7778
  12.30    0.7310
  12.40    0.7008
  12.50    0.6676
  12.60    0.6302
  12.70    0.5620
  12.80    0.5527
  12.90    0.5005
  13.00    0.4491
  13.10    0.4120
  13.20    0.3516
  13.30    0.3086
  13.40    0.2842
  13.50    0.2365
  13.60    0.2285
  13.70    0.1768
  13.80    0.1519
  13.90    0.1300
  14.00    0.1062
  14.10    0.0853
  14.20    0.0813
  14.30    0.0592
  14.40    0.0542
  14.50    0.0449
  14.60    0.0336
  14.70    0.0260
pK(1/2) for LYS-102      =   12.901
Slope of Hill plot for LYS-102      =    0.771
------------------------------------------------------
Titration site: LYS-133 
pH       prot.
  11.80    0.9720
  11.90    0.9714
  12.00    0.9674
  12.10    0.9557
  12.20    0.9555
  12.30    0.9442
  12.40    0.9417
  12.50    0.9170
  12.60    0.9090
  12.70    0.8991
  12.80    0.8663
  12.90    0.8558
  13.00    0.8248
  13.10    0.7883
  13.20    0.7649
  13.30    0.7328
  13.40    0.6720
  13.50    0.6328
  13.60    0.5865
  13.70    0.5347
  13.80    0.4795
  13.90    0.4373
  14.00    0.3797
  14.10    0.3232
  14.20    0.2873
  14.30    0.2441
  14.40    0.2056
  14.50    0.1709
  14.60    0.1438
  14.70    0.1140
  14.80    0.0984
  14.90    0.0746
  15.00    0.0598
pK(1/2) for LYS-133      =   13.763
Slope of Hill plot for LYS-133      =    0.893
------------------------------------------------------
Titration site: LYS-140 
pH       prot.
  10.00    0.9782
  10.10    0.9737
  10.20    0.9680
  10.30    0.9573
  10.40    0.9541
  10.50    0.9611
  10.60    0.9395
  10.70    0.9250
  10.80    0.9123
  10.90    0.8977
  11.00    0.8820
  11.10    0.8679
  11.20    0.8319
  11.30    0.8181
  11.40    0.7932
  11.50    0.7556
  11.60    0.7209
  11.70    0.6824
  11.80    0.6480
  11.90    0.5961
  12.00    0.5542
  12.10    0.5102
  12.20    0.4722
  12.30    0.4190
  12.40    0.3820
  12.50    0.3307
  12.60    0.2860
  12.70    0.2573
  12.80    0.2286
  12.90    0.1996
  13.00    0.1636
  13.10    0.1473
  13.20    0.1261
  13.30    0.1153
  13.40    0.0844
  13.50    0.0719
  13.60    0.0631
  13.70    0.0513
  13.80    0.0471
  13.90    0.0352
  14.00    0.0277
  14.10    0.0235
  14.20    0.0212
pK(1/2) for LYS-140      =   12.127
Slope of Hill plot for LYS-140      =    0.761
------------------------------------------------------
Titration site: LYS-145 
pH       prot.
   8.90    0.9786
   9.10    0.9725
   9.20    0.9659
   9.30    0.9590
   9.40    0.9432
   9.50    0.9389
   9.60    0.9132
   9.70    0.8972
   9.80    0.8859
   9.90    0.8646
  10.00    0.8459
  10.10    0.8155
  10.20    0.7765
  10.30    0.7675
  10.40    0.7324
  10.50    0.7038
  10.60    0.6653
  10.70    0.6453
  10.80    0.6093
  10.90    0.6059
  11.00    0.5578
  11.10    0.5167
  11.20    0.4755
  11.30    0.4501
  11.40    0.4013
  11.50    0.3905
  11.60    0.3439
  11.70    0.3157
  11.80    0.2729
  11.90    0.2628
  12.00    0.2319
  12.10    0.1900
  12.20    0.1611
  12.30    0.1438
  12.40    0.1338
  12.50    0.1083
  12.60    0.1016
  12.70    0.0801
  12.80    0.0550
  12.90    0.0573
  13.00    0.0424
  13.10    0.0411
  13.20    0.0288
  13.30    0.0231
pK(1/2) for LYS-145      =   11.140
Slope of Hill plot for LYS-145      =    0.697
------------------------------------------------------
Titration site: LYS-147 
pH       prot.
   9.30    0.9683
   9.40    0.9732
   9.50    0.9567
   9.60    0.9485
   9.70    0.9411
   9.80    0.9186
   9.90    0.9115
  10.00    0.8832
  10.10    0.8614
  10.20    0.8408
  10.30    0.7947
  10.40    0.7810
  10.50    0.7327
  10.60    0.6977
  10.70    0.6543
  10.80    0.6006
  10.90    0.5597
  11.00    0.4994
  11.10    0.4558
  11.20    0.4082
  11.30    0.3639
  11.40    0.3308
  11.50    0.2790
  11.60    0.2453
  11.70    0.2112
  11.80    0.1799
  11.90    0.1563
  12.00    0.1216
  12.10    0.1053
  12.20    0.0904
  12.30    0.0785
  12.40    0.0634
  12.50    0.0595
  12.60    0.0315
  12.70    0.0382
  12.80    0.0264
  12.90    0.0257
pK(1/2) for LYS-147      =   10.999
Slope of Hill plot for LYS-147      =    0.874
------------------------------------------------------
Titration site: NTval-1 
pH       prot.
   4.20    0.9756
   4.30    0.9797
   4.40    0.9695
   4.50    0.9691
   4.60    0.9483
   4.70    0.9541
   4.80    0.9425
   4.90    0.9297
   5.00    0.9158
   5.10    0.9096
   5.20    0.8973
   5.30    0.8719
   5.40    0.8377
   5.50    0.8183
   5.60    0.7931
   5.70    0.7525
   5.80    0.7125
   5.90    0.6831
   6.00    0.6307
   6.10    0.5969
   6.20    0.5624
   6.30    0.4920
   6.40    0.4593
   6.50    0.4122
   6.60    0.3567
   6.70    0.3083
   6.80    0.2783
   6.90    0.2490
   7.00    0.1936
   7.10    0.1767
   7.20    0.1518
   7.30    0.1154
   7.40    0.1080
   7.50    0.0888
   7.60    0.0768
   7.70    0.0560
   7.80    0.0462
   7.90    0.0379
   8.00    0.0298
   8.10    0.0258
   8.20    0.0232
pK(1/2) for NTval-1      =    6.289
Slope of Hill plot for NTval-1      =    0.794
------------------------------------------------------
Titration site: CTgly-153 
pH       prot.
   5.30    0.9776
   5.40    0.9729
   5.50    0.9680
   5.60    0.9545
   5.70    0.9519
   5.80    0.9382
   5.90    0.9313
   6.00    0.9143
   6.10    0.8927
   6.20    0.8683
   6.30    0.8566
   6.40    0.8220
   6.50    0.7938
   6.60    0.7459
   6.70    0.7264
   6.80    0.6729
   6.90    0.6270
   7.00    0.5806
   7.10    0.5347
   7.20    0.4730
   7.30    0.4243
   7.40    0.3625
   7.50    0.3124
   7.60    0.2762
   7.70    0.2233
   7.80    0.1912
   7.90    0.1659
   8.00    0.1316
   8.10    0.1152
   8.20    0.0920
   8.30    0.0697
   8.40    0.0590
   8.50    0.0507
   8.60    0.0405
   8.70    0.0342
   8.80    0.0226
   8.90    0.0224
pK(1/2) for CTgly-153    =    7.156
Slope of Hill plot for CTgly-153    =    0.938
------------------------------------------------------
Titration site: PROPA-93 
pH       prot.
  -1.30    0.9710
  -1.20    0.9692
  -1.10    0.9647
  -1.00    0.9557
  -0.90    0.9479
  -0.80    0.9272
  -0.70    0.9239
  -0.60    0.8969
  -0.50    0.8678
  -0.40    0.8473
  -0.30    0.8277
  -0.20    0.7912
  -0.10    0.7527
   0.00    0.7102
   0.10    0.6715
   0.20    0.6395
   0.30    0.5720
   0.40    0.5362
   0.50    0.4840
   0.60    0.4517
   0.70    0.4001
   0.80    0.3627
   0.90    0.3237
   1.00    0.2949
   1.10    0.2460
   1.20    0.2361
   1.30    0.2131
   1.40    0.1872
   1.50    0.1633
   1.60    0.1431
   1.70    0.1162
   1.80    0.1085
   1.90    0.1023
   2.00    0.0920
   2.10    0.0763
   2.20    0.0641
   2.30    0.0611
   2.40    0.0586
   2.50    0.0502
   2.60    0.0413
   2.70    0.0366
   2.80    0.0276
   2.90    0.0330
   3.00    0.0250
   3.10    0.0206
pK(1/2) for PROPA-93     =    0.469
Slope of Hill plot for PROPA-93     =    0.813
------------------------------------------------------
Titration site: PROPD-93 
pH       prot.
  -0.90    0.9782
  -0.80    0.9790
  -0.70    0.9771
  -0.60    0.9734
  -0.50    0.9669
  -0.40    0.9627
  -0.30    0.9530
  -0.20    0.9481
  -0.10    0.9404
   0.00    0.9371
   0.10    0.9198
   0.20    0.9134
   0.30    0.8952
   0.40    0.8914
   0.50    0.8815
   0.60    0.8693
   0.70    0.8617
   0.80    0.8508
   0.90    0.8362
   1.00    0.8235
   1.10    0.8164
   1.20    0.7913
   1.30    0.7775
   1.40    0.7657
   1.50    0.7390
   1.60    0.7262
   1.70    0.6984
   1.80    0.6936
   1.90    0.6554
   2.00    0.6138
   2.10    0.5961
   2.20    0.5566
   2.30    0.5308
   2.40    0.4953
   2.50    0.4515
   2.60    0.3978
   2.70    0.3557
   2.80    0.3350
   2.90    0.2813
   3.00    0.2532
   3.10    0.2187
   3.20    0.1899
   3.30    0.1678
   3.40    0.1353
   3.50    0.1195
   3.60    0.0958
   3.70    0.0849
   3.80    0.0695
   3.90    0.0574
   4.00    0.0439
   4.10    0.0434
   4.20    0.0349
   4.30    0.0330
   4.40    0.0225
pK(1/2) for PROPD-93     =    2.387
Slope of Hill plot for PROPD-93     =    0.673
------------------------------------------------------
Titration site: ARG-31 
pH       prot.
  10.30    0.9771
  10.40    0.9702
  10.50    0.9642
  10.60    0.9573
  10.70    0.9518
  10.80    0.9328
  10.90    0.9240
  11.00    0.9103
  11.10    0.9034
  11.20    0.8798
  11.30    0.8662
  11.40    0.8344
  11.50    0.8209
  11.60    0.7767
  11.70    0.7502
  11.80    0.7390
  11.90    0.6972
  12.00    0.6635
  12.10    0.6422
  12.20    0.6114
  12.30    0.5637
  12.40    0.5233
  12.50    0.4633
  12.60    0.4423
  12.70    0.4057
  12.80    0.3621
  12.90    0.3041
  13.00    0.2743
  13.10    0.2341
  13.20    0.2274
  13.30    0.1862
  13.40    0.1552
  13.50    0.1316
  13.60    0.1019
  13.70    0.0989
  13.80    0.0687
  13.90    0.0676
  14.00    0.0473
  14.10    0.0464
  14.20    0.0348
  14.30    0.0238
  14.40    0.0254
pK(1/2) for ARG-31       =   12.439
Slope of Hill plot for ARG-31       =    0.729
------------------------------------------------------
Titration site: ARG-45 
pH       prot.
  13.50    0.9768
  13.60    0.9717
  13.70    0.9669
  13.80    0.9625
  13.90    0.9485
  14.00    0.9464
  14.10    0.9304
  14.20    0.9160
  14.30    0.8966
  14.40    0.8851
  14.50    0.8501
  14.60    0.8182
  14.70    0.7962
  14.80    0.7461
  14.90    0.7179
  15.00    0.6694
------------------------------------------------------
Titration site: ARG-118 
pH       prot.
  13.00    0.9742
  13.10    0.9785
  13.20    0.9691
  13.30    0.9644
  13.40    0.9550
  13.50    0.9473
  13.60    0.9370
  13.70    0.9182
  13.80    0.8988
  13.90    0.8837
  14.00    0.8717
  14.10    0.8342
  14.20    0.7937
  14.30    0.7634
  14.40    0.7131
  14.50    0.6695
  14.60    0.6188
  14.70    0.5672
  14.80    0.5177
  14.90    0.4575
  15.00    0.4013
pK(1/2) for ARG-118      =   14.829
Slope of Hill plot for ARG-118      =   -0.001
------------------------------------------------------
Titration site: ARG-139 
pH       prot.
  10.10    0.9699
  10.20    0.9664
  10.30    0.9604
  10.40    0.9545
  10.50    0.9478
  10.60    0.9378
  10.70    0.9213
  10.80    0.9092
  10.90    0.8936
  11.00    0.8801
  11.10    0.8428
  11.20    0.8230
  11.30    0.7871
  11.40    0.7554
  11.50    0.7339
  11.60    0.7033
  11.70    0.6695
  11.80    0.6177
  11.90    0.5755
  12.00    0.5385
  12.10    0.4917
  12.20    0.4490
  12.30    0.4196
  12.40    0.3872
  12.50    0.3614
  12.60    0.3319
  12.70    0.2996
  12.80    0.2648
  12.90    0.2440
  13.00    0.2114
  13.10    0.1882
  13.20    0.1570
  13.30    0.1486
  13.40    0.1248
  13.50    0.0989
  13.60    0.0873
  13.70    0.0766
  13.80    0.0641
  13.90    0.0625
  14.00    0.0515
  14.10    0.0379
  14.20    0.0369
  14.30    0.0362
  14.40    0.0228
pK(1/2) for ARG-139      =   12.082
Slope of Hill plot for ARG-139      =    0.712
------------------------------------------------------
Titration site: HIS-12
pH        prot.    del-taut.  eps-taut.
   3.60    0.9729    0.0125    0.0146
   3.70    0.9739    0.0071    0.0190
   3.80    0.9613    0.0142    0.0245
   3.90    0.9587    0.0128    0.0285
   4.00    0.9537    0.0178    0.0285
   4.10    0.9436    0.0218    0.0346
   4.20    0.9364    0.0233    0.0403
   4.30    0.9195    0.0293    0.0512
   4.40    0.9136    0.0312    0.0552
   4.50    0.8828    0.0442    0.0729
   4.60    0.8710    0.0472    0.0819
   4.70    0.8524    0.0465    0.1012
   4.80    0.8066    0.0704    0.1230
   4.90    0.7788    0.0867    0.1346
   5.00    0.7404    0.0922    0.1674
   5.10    0.7024    0.1060    0.1917
   5.20    0.6596    0.1161    0.2243
   5.30    0.5958    0.1494    0.2548
   5.40    0.5478    0.1584    0.2938
   5.50    0.4944    0.1808    0.3248
   5.60    0.4359    0.1979    0.3661
   5.70    0.3861    0.2171    0.3967
   5.80    0.3347    0.2383    0.4270
   5.90    0.2933    0.2343    0.4723
   6.00    0.2517    0.2628    0.4855
   6.10    0.2225    0.2735    0.5040
   6.20    0.1794    0.2939    0.5267
   6.30    0.1537    0.3084    0.5379
   6.40    0.1270    0.3029    0.5701
   6.50    0.0915    0.3035    0.6050
   6.60    0.0783    0.3415    0.5802
   6.70    0.0631    0.3148    0.6221
   6.80    0.0505    0.3257    0.6238
   6.90    0.0454    0.3343    0.6202
   7.00    0.0343    0.3206    0.6452
   7.10    0.0274    0.3510    0.6216
   7.20    0.0221    0.3499    0.6280
pK(1/2) for HIS-12       =    5.489
Slope of Hill plot for HIS-12       =    0.965
------------------------------------------------------
Titration site: HIS-24
pH        prot.    del-taut.  eps-taut.
   2.20    0.0243    0.9757    0.0000
   2.40    0.0327    0.9673    0.0000
   2.50    0.0235    0.9765    0.0000
   2.60    0.0269    0.9731    0.0000
   2.70    0.0350    0.9650    0.0000
   2.80    0.0374    0.9626    0.0000
   2.90    0.0318    0.9682    0.0000
   3.00    0.0325    0.9675    0.0000
   3.10    0.0338    0.9656    0.0007
   3.20    0.0248    0.9742    0.0010
   3.30    0.0227    0.9773    0.0000
   3.50    0.0320    0.9680    0.0000
   4.10    0.0220    0.9776    0.0004
------------------------------------------------------
Titration site: HIS-36
pH        prot.    del-taut.  eps-taut.
   2.30    0.9751    0.0150    0.0099
   2.40    0.9677    0.0188    0.0135
   2.50    0.9568    0.0228    0.0204
   2.60    0.9545    0.0225    0.0230
   2.70    0.9475    0.0258    0.0267
   2.80    0.9373    0.0303    0.0323
   2.90    0.9354    0.0311    0.0334
   3.00    0.9323    0.0335    0.0342
   3.10    0.9229    0.0427    0.0345
   3.20    0.9176    0.0383    0.0441
   3.30    0.9096    0.0476    0.0429
   3.40    0.9155    0.0435    0.0410
   3.50    0.8999    0.0443    0.0558
   3.60    0.9018    0.0483    0.0499
   3.70    0.8938    0.0502    0.0559
   3.80    0.8890    0.0546    0.0565
   3.90    0.8978    0.0502    0.0520
   4.00    0.8980    0.0546    0.0474
   4.10    0.8749    0.0613    0.0638
   4.20    0.8787    0.0575    0.0639
   4.30    0.8828    0.0605    0.0568
   4.40    0.8716    0.0595    0.0689
   4.50    0.8732    0.0631    0.0637
   4.60    0.8779    0.0652    0.0569
   4.70    0.8772    0.0663    0.0565
   4.80    0.8696    0.0658    0.0646
   4.90    0.8785    0.0672    0.0543
   5.00    0.8670    0.0759    0.0571
   5.10    0.8560    0.0819    0.0622
   5.20    0.8413    0.0907    0.0681
   5.30    0.8312    0.1039    0.0650
   5.40    0.8184    0.1182    0.0635
   5.50    0.8083    0.1262    0.0655
   5.60    0.7854    0.1382    0.0764
   5.70    0.7616    0.1536    0.0848
   5.80    0.7355    0.1806    0.0839
   5.90    0.7046    0.1986    0.0968
   6.00    0.6733    0.2236    0.1031
   6.10    0.6128    0.2667    0.1206
   6.20    0.5845    0.2906    0.1249
   6.30    0.5333    0.3353    0.1315
   6.40    0.4890    0.3510    0.1600
   6.50    0.4499    0.3860    0.1642
   6.60    0.4051    0.4243    0.1705
   6.70    0.3440    0.4728    0.1832
   6.80    0.3113    0.4851    0.2036
   6.90    0.2793    0.5076    0.2131
   7.00    0.2298    0.5577    0.2125
   7.10    0.2151    0.5606    0.2243
   7.20    0.1655    0.5879    0.2466
   7.30    0.1422    0.6057    0.2521
   7.40    0.1199    0.6264    0.2536
   7.50    0.1024    0.6511    0.2465
   7.60    0.0910    0.6489    0.2602
   7.70    0.0615    0.6657    0.2728
   7.80    0.0541    0.7053    0.2406
   7.90    0.0414    0.7002    0.2584
   8.00    0.0361    0.6880    0.2759
   8.10    0.0249    0.6884    0.2867
   8.20    0.0257    0.6859    0.2884
pK(1/2) for HIS-36       =    6.375
Slope of Hill plot for HIS-36       =    0.747
------------------------------------------------------
Titration site: HIS-48
pH        prot.    del-taut.  eps-taut.
   2.70    0.9782    0.0039    0.0179
   2.80    0.9716    0.0022    0.0262
   2.90    0.9717    0.0023    0.0260
   3.00    0.9579    0.0025    0.0396
   3.10    0.9479    0.0044    0.0477
   3.20    0.9482    0.0062    0.0456
   3.30    0.9331    0.0063    0.0606
   3.40    0.9319    0.0050    0.0631
   3.50    0.9150    0.0087    0.0763
   3.60    0.9089    0.0114    0.0797
   3.70    0.8782    0.0104    0.1113
   3.80    0.8709    0.0164    0.1126
   3.90    0.8631    0.0111    0.1258
   4.00    0.8353    0.0202    0.1445
   4.10    0.8172    0.0233    0.1595
   4.20    0.7895    0.0197    0.1908
   4.30    0.7697    0.0210    0.2093
   4.40    0.7309    0.0260    0.2431
   4.50    0.7023    0.0325    0.2652
   4.60    0.6506    0.0326    0.3167
   4.70    0.6097    0.0454    0.3448
   4.80    0.5765    0.0431    0.3803
   4.90    0.5367    0.0448    0.4185
   5.00    0.4709    0.0541    0.4750
   5.10    0.4131    0.0592    0.5277
   5.20    0.3706    0.0573    0.5722
   5.30    0.3162    0.0776    0.6063
   5.40    0.2832    0.0699    0.6469
   5.50    0.2532    0.0817    0.6652
   5.60    0.2051    0.0845    0.7104
   5.70    0.1666    0.0763    0.7571
   5.80    0.1353    0.0814    0.7833
   5.90    0.1059    0.0870    0.8072
   6.00    0.0939    0.0812    0.8249
   6.10    0.0787    0.0901    0.8311
   6.20    0.0611    0.0849    0.8540
   6.30    0.0505    0.0918    0.8577
   6.40    0.0410    0.0887    0.8702
   6.50    0.0422    0.1148    0.8431
   6.60    0.0250    0.1069    0.8681
   6.70    0.0232    0.1032    0.8736
pK(1/2) for HIS-48       =    4.956
Slope of Hill plot for HIS-48       =    0.884
------------------------------------------------------
Titration site: HIS-64
pH        prot.    del-taut.  eps-taut.
  -4.00    0.8582    0.0263    0.1155
  -3.90    0.8263    0.0269    0.1468
  -3.80    0.7814    0.0390    0.1797
  -3.70    0.7512    0.0430    0.2058
  -3.60    0.6959    0.0583    0.2458
  -3.50    0.6560    0.0598    0.2842
  -3.40    0.6065    0.0707    0.3228
  -3.30    0.5436    0.0903    0.3661
  -3.20    0.4980    0.0833    0.4187
  -3.10    0.4574    0.0955    0.4472
  -3.00    0.3873    0.1070    0.5057
  -2.90    0.3415    0.1105    0.5480
  -2.80    0.3032    0.1218    0.5750
  -2.70    0.2614    0.1258    0.6128
  -2.60    0.2181    0.1266    0.6554
  -2.50    0.1840    0.1385    0.6775
  -2.40    0.1633    0.1467    0.6900
  -2.30    0.1380    0.1482    0.7139
  -2.20    0.1099    0.1482    0.7418
  -2.10    0.0911    0.1452    0.7636
  -2.00    0.0747    0.1646    0.7607
  -1.90    0.0631    0.1409    0.7960
  -1.80    0.0562    0.1590    0.7848
  -1.70    0.0443    0.1542    0.8014
  -1.60    0.0348    0.1734    0.7918
  -1.50    0.0325    0.1678    0.7996
  -1.40    0.0286    0.1695    0.8018
  -1.30    0.0271    0.1704    0.8026
  -1.20    0.0234    0.1791    0.7975
  -1.00    0.0222    0.1564    0.8214
pK(1/2) for HIS-64       =   -3.204
Slope of Hill plot for HIS-64       =    0.932
------------------------------------------------------
Titration site: HIS-81
pH        prot.    del-taut.  eps-taut.
   5.00    0.9797    0.0153    0.0050
   5.10    0.9766    0.0173    0.0060
   5.20    0.9746    0.0167    0.0087
   5.30    0.9661    0.0232    0.0107
   5.40    0.9600    0.0257    0.0143
   5.50    0.9487    0.0325    0.0188
   5.60    0.9502    0.0344    0.0153
   5.70    0.9315    0.0462    0.0223
   5.80    0.9221    0.0531    0.0248
   5.90    0.9083    0.0617    0.0300
   6.00    0.8800    0.0797    0.0403
   6.10    0.8682    0.0902    0.0416
   6.20    0.8307    0.1150    0.0543
   6.30    0.8174    0.1258    0.0568
   6.40    0.7924    0.1437    0.0639
   6.50    0.7498    0.1743    0.0759
   6.60    0.6987    0.2051    0.0962
   6.70    0.6597    0.2288    0.1115
   6.80    0.6209    0.2748    0.1043
   6.90    0.5736    0.3019    0.1245
   7.00    0.5136    0.3368    0.1497
   7.10    0.4639    0.3743    0.1619
   7.20    0.4099    0.4038    0.1863
   7.30    0.3405    0.4683    0.1912
   7.40    0.3059    0.4897    0.2044
   7.50    0.2671    0.5012    0.2318
   7.60    0.2268    0.5385    0.2347
   7.70    0.1905    0.5602    0.2493
   7.80    0.1558    0.5918    0.2524
   7.90    0.1239    0.6112    0.2649
   8.00    0.1051    0.6347    0.2602
   8.10    0.0773    0.6354    0.2873
   8.20    0.0692    0.6432    0.2876
   8.30    0.0595    0.6432    0.2973
   8.40    0.0498    0.6457    0.3045
   8.50    0.0370    0.6515    0.3115
   8.60    0.0324    0.6752    0.2923
   8.70    0.0244    0.6715    0.3041
pK(1/2) for HIS-81       =    7.027
Slope of Hill plot for HIS-81       =    0.987
------------------------------------------------------
Titration site: HIS-82
pH        prot.    del-taut.  eps-taut.
  -4.00    0.9288    0.0036    0.0676
  -3.90    0.9133    0.0035    0.0833
  -3.80    0.9037    0.0036    0.0928
  -3.70    0.8794    0.0060    0.1146
  -3.60    0.8584    0.0040    0.1376
  -3.50    0.8305    0.0060    0.1636
  -3.40    0.7936    0.0098    0.1966
  -3.30    0.7604    0.0096    0.2299
  -3.20    0.7128    0.0164    0.2708
  -3.10    0.6656    0.0131    0.3213
  -3.00    0.6120    0.0197    0.3683
  -2.90    0.5678    0.0211    0.4112
  -2.80    0.5125    0.0175    0.4700
  -2.70    0.4374    0.0257    0.5369
  -2.60    0.3983    0.0345    0.5672
  -2.50    0.3570    0.0343    0.6087
  -2.40    0.3028    0.0385    0.6588
  -2.30    0.2525    0.0400    0.7075
  -2.20    0.2239    0.0441    0.7320
  -2.10    0.1825    0.0399    0.7777
  -2.00    0.1544    0.0460    0.7996
  -1.90    0.1217    0.0338    0.8445
  -1.80    0.0961    0.0476    0.8563
  -1.70    0.0795    0.0443    0.8762
  -1.60    0.0717    0.0426    0.8857
  -1.50    0.0501    0.0468    0.9031
  -1.40    0.0446    0.0517    0.9037
  -1.30    0.0378    0.0493    0.9129
  -1.20    0.0311    0.0473    0.9215
  -1.10    0.0244    0.0507    0.9249
  -1.00    0.0218    0.0581    0.9201
pK(1/2) for HIS-82       =   -2.783
Slope of Hill plot for HIS-82       =    0.940
------------------------------------------------------
Titration site: HIS-97
pH        prot.    del-taut.  eps-taut.
   5.10    0.9774    0.0000    0.0226
   5.20    0.9722    0.0000    0.0278
   5.30    0.9705    0.0000    0.0295
   5.40    0.9641    0.0000    0.0359
   5.50    0.9624    0.0000    0.0376
   5.60    0.9505    0.0004    0.0490
   5.70    0.9339    0.0000    0.0661
   5.80    0.9257    0.0000    0.0743
   5.90    0.9197    0.0000    0.0803
   6.00    0.8968    0.0000    0.1032
   6.10    0.8707    0.0000    0.1293
   6.20    0.8408    0.0000    0.1592
   6.30    0.8154    0.0000    0.1846
   6.40    0.7767    0.0000    0.2233
   6.50    0.7391    0.0000    0.2609
   6.60    0.7020    0.0000    0.2980
   6.70    0.6599    0.0000    0.3401
   6.80    0.5915    0.0000    0.4085
   6.90    0.5425    0.0000    0.4575
   7.00    0.4921    0.0007    0.5072
   7.10    0.4351    0.0000    0.5649
   7.20    0.3992    0.0000    0.6008
   7.30    0.3420    0.0000    0.6580
   7.40    0.3057    0.0000    0.6943
   7.50    0.2687    0.0000    0.7313
   7.60    0.2171    0.0000    0.7829
   7.70    0.1815    0.0000    0.8185
   7.80    0.1745    0.0000    0.8255
   7.90    0.1476    0.0000    0.8524
   8.00    0.1174    0.0000    0.8826
   8.10    0.1023    0.0000    0.8977
   8.20    0.0845    0.0000    0.9155
   8.30    0.0753    0.0000    0.9247
   8.40    0.0643    0.0000    0.9357
   8.50    0.0517    0.0000    0.9483
   8.60    0.0431    0.0002    0.9567
   8.70    0.0353    0.0000    0.9647
   8.80    0.0324    0.0000    0.9676
   8.90    0.0235    0.0000    0.9765
pK(1/2) for HIS-97       =    6.984
Slope of Hill plot for HIS-97       =    0.925
------------------------------------------------------
Titration site: HIS-113
pH        prot.    del-taut.  eps-taut.
   1.70    0.9781    0.0017    0.0201
   1.80    0.9787    0.0024    0.0188
   1.90    0.9691    0.0048    0.0261
   2.00    0.9664    0.0058    0.0278
   2.10    0.9629    0.0054    0.0317
   2.20    0.9549    0.0080    0.0371
   2.30    0.9426    0.0111    0.0463
   2.40    0.9445    0.0063    0.0493
   2.50    0.9333    0.0129    0.0539
   2.60    0.9214    0.0181    0.0605
   2.70    0.9101    0.0172    0.0727
   2.80    0.8872    0.0268    0.0860
   2.90    0.8780    0.0255    0.0965
   3.00    0.8558    0.0342    0.1101
   3.10    0.8294    0.0356    0.1350
   3.20    0.8114    0.0420    0.1466
   3.30    0.7909    0.0475    0.1617
   3.40    0.7725    0.0562    0.1712
   3.50    0.7355    0.0600    0.2045
   3.60    0.6820    0.0713    0.2467
   3.70    0.6657    0.0736    0.2607
   3.80    0.6243    0.0868    0.2889
   3.90    0.5856    0.1003    0.3141
   4.00    0.5390    0.1060    0.3550
   4.10    0.4989    0.1173    0.3838
   4.20    0.4596    0.1264    0.4141
   4.30    0.4267    0.1451    0.4282
   4.40    0.3702    0.1563    0.4735
   4.50    0.3347    0.1640    0.5013
   4.60    0.2930    0.1728    0.5342
   4.70    0.2722    0.1893    0.5385
   4.80    0.2312    0.1934    0.5754
   4.90    0.2074    0.1958    0.5968
   5.00    0.1811    0.2147    0.6042
   5.10    0.1491    0.2190    0.6320
   5.20    0.1280    0.2136    0.6584
   5.30    0.1145    0.2188    0.6667
   5.40    0.0972    0.2217    0.6811
   5.50    0.0831    0.2468    0.6701
   5.60    0.0734    0.2602    0.6663
   5.70    0.0589    0.2500    0.6911
   5.80    0.0567    0.2652    0.6780
   5.90    0.0409    0.2310    0.7281
   6.00    0.0398    0.2563    0.7039
   6.10    0.0335    0.2419    0.7246
   6.20    0.0306    0.2786    0.6908
   6.30    0.0240    0.2572    0.7188
   6.40    0.0237    0.2544    0.7218
   6.60    0.0213    0.2710    0.7077
pK(1/2) for HIS-113      =    4.097
Slope of Hill plot for HIS-113      =    0.707
------------------------------------------------------
Titration site: HIS-116
pH        prot.    del-taut.  eps-taut.
   4.10    0.9794    0.0100    0.0106
   4.30    0.9721    0.0149    0.0130
   4.40    0.9715    0.0127    0.0158
   4.50    0.9639    0.0143    0.0218
   4.60    0.9655    0.0173    0.0172
   4.70    0.9595    0.0172    0.0234
   4.80    0.9515    0.0205    0.0280
   4.90    0.9362    0.0301    0.0336
   5.00    0.9234    0.0360    0.0406
   5.10    0.9187    0.0387    0.0427
   5.20    0.9039    0.0450    0.0511
   5.30    0.8824    0.0504    0.0672
   5.40    0.8695    0.0585    0.0720
   5.50    0.8572    0.0657    0.0772
   5.60    0.8256    0.0800    0.0945
   5.70    0.7823    0.1000    0.1177
   5.80    0.7503    0.1088    0.1410
   5.90    0.7009    0.1341    0.1650
   6.00    0.6672    0.1535    0.1793
   6.10    0.6195    0.1738    0.2067
   6.20    0.5837    0.1923    0.2241
   6.30    0.5311    0.2209    0.2480
   6.40    0.4701    0.2338    0.2962
   6.50    0.3997    0.2685    0.3318
   6.60    0.3757    0.2894    0.3348
   6.70    0.3354    0.3144    0.3501
   6.80    0.2851    0.3391    0.3759
   6.90    0.2437    0.3584    0.3979
   7.00    0.2035    0.3666    0.4299
   7.10    0.1740    0.3750    0.4509
   7.20    0.1403    0.4163    0.4433
   7.30    0.1125    0.4205    0.4670
   7.40    0.0884    0.4186    0.4930
   7.50    0.0801    0.4201    0.4999
   7.60    0.0577    0.4219    0.5205
   7.70    0.0514    0.4524    0.4961
   7.80    0.0455    0.4368    0.5177
   7.90    0.0256    0.4810    0.4934
   8.00    0.0293    0.4742    0.4965
pK(1/2) for HIS-116      =    6.351
Slope of Hill plot for HIS-116      =    0.925
------------------------------------------------------
Titration site: HIS-119
pH        prot.    del-taut.  eps-taut.
   0.80    0.9688    0.0094    0.0218
   0.90    0.9735    0.0082    0.0183
   1.00    0.9644    0.0139    0.0216
   1.10    0.9685    0.0078    0.0238
   1.20    0.9639    0.0061    0.0300
   1.30    0.9579    0.0129    0.0292
   1.40    0.9542    0.0125    0.0333
   1.50    0.9532    0.0091    0.0377
   1.60    0.9373    0.0190    0.0437
   1.70    0.9318    0.0204    0.0478
   1.80    0.9137    0.0200    0.0664
   1.90    0.9179    0.0157    0.0665
   2.00    0.9122    0.0162    0.0717
   2.10    0.8819    0.0193    0.0988
   2.20    0.8727    0.0251    0.1021
   2.30    0.8702    0.0154    0.1143
   2.40    0.8277    0.0331    0.1392
   2.50    0.8124    0.0242    0.1635
   2.60    0.7819    0.0287    0.1894
   2.70    0.7481    0.0356    0.2163
   2.80    0.7224    0.0374    0.2402
   2.90    0.6903    0.0342    0.2756
   3.00    0.6547    0.0350    0.3103
   3.10    0.6248    0.0374    0.3378
   3.20    0.5760    0.0271    0.3969
   3.30    0.5447    0.0243    0.4310
   3.40    0.5043    0.0174    0.4783
   3.50    0.4489    0.0353    0.5159
   3.60    0.4156    0.0229    0.5615
   3.70    0.3719    0.0227    0.6054
   3.80    0.3367    0.0195    0.6439
   3.90    0.3159    0.0082    0.6760
   4.00    0.2639    0.0127    0.7234
   4.10    0.2313    0.0263    0.7423
   4.20    0.1932    0.0172    0.7897
   4.30    0.1660    0.0080    0.8260
   4.40    0.1533    0.0166    0.8301
   4.50    0.1301    0.0123    0.8575
   4.60    0.1109    0.0114    0.8776
   4.70    0.0927    0.0076    0.8997
   4.80    0.0835    0.0091    0.9074
   4.90    0.0648    0.0073    0.9279
   5.00    0.0534    0.0049    0.9418
   5.10    0.0500    0.0062    0.9438
   5.20    0.0428    0.0070    0.9502
   5.30    0.0391    0.0079    0.9530
   5.40    0.0277    0.0083    0.9640
   5.50    0.0216    0.0057    0.9727
   5.60    0.0209    0.0041    0.9750
pK(1/2) for HIS-119      =    3.408
Slope of Hill plot for HIS-119      =    0.736
