 5 140
  10.46902 A GLU               1
  11.70211 C ARG               2
   2.62481 C LYS               3
  19.00665 A TYR               4
  11.93462 C ARG               5
  0.
   0   4.96868   0.00493
   1   1.00000   0.00000
   2   1.00000   0.00000
   3   0.96868   0.00493
   4   1.00000   0.00000
   5   1.00000   0.00000
  0.100000001
   0   4.96868   0.00493
   1   1.00000   0.00000
   2   1.00000   0.00000
   3   0.96868   0.00493
   4   1.00000   0.00000
   5   1.00000   0.00000
  0.200000003
   0   4.95458   0.00589
   1   1.00000   0.00000
   2   1.00000   0.00000
   3   0.95458   0.00589
   4   1.00000   0.00000
   5   1.00000   0.00000
  0.300000012
   0   4.94178   0.00662
   1   1.00000   0.00000
   2   1.00000   0.00000
   3   0.94178   0.00662
   4   1.00000   0.00000
   5   1.00000   0.00000
  0.400000006
   0   4.91944   0.00770
   1   1.00000   0.00000
   2   1.00000   0.00000
   3   0.91944   0.00770
   4   1.00000   0.00000
   5   1.00000   0.00000
  0.5
   0   4.91164   0.00732
   1   1.00000   0.00000
   2   1.00000   0.00000
   3   0.91164   0.00732
   4   1.00000   0.00000
   5   1.00000   0.00000
  0.600000024
   0   4.88925   0.00888
   1   1.00000   0.00000
   2   1.00000   0.00000
   3   0.88925   0.00888
   4   1.00000   0.00000
   5   1.00000   0.00000
  0.699999988
   0   4.84772   0.01016
   1   1.00000   0.00000
   2   1.00000   0.00000
   3   0.84772   0.01016
   4   1.00000   0.00000
   5   1.00000   0.00000
  0.800000012
   0   4.82241   0.01081
   1   1.00000   0.00000
   2   1.00000   0.00000
   3   0.82241   0.01081
   4   1.00000   0.00000
   5   1.00000   0.00000
  0.900000036
   0   4.80120   0.01129
   1   1.00000   0.00000
   2   1.00000   0.00000
   3   0.80120   0.01129
   4   1.00000   0.00000
   5   1.00000   0.00000
  1.
   0   4.74281   0.01128
   1   1.00000   0.00000
   2   1.00000   0.00000
   3   0.74281   0.01128
   4   1.00000   0.00000
   5   1.00000   0.00000
  1.10000002
   0   4.71094   0.01282
   1   1.00000   0.00000
   2   1.00000   0.00000
   3   0.71094   0.01282
   4   1.00000   0.00000
   5   1.00000   0.00000
  1.20000005
   0   4.67333   0.01211
   1   1.00000   0.00000
   2   1.00000   0.00000
   3   0.67333   0.01211
   4   1.00000   0.00000
   5   1.00000   0.00000
  1.30000007
   0   4.60760   0.01381
   1   1.00000   0.00000
   2   1.00000   0.00000
   3   0.60760   0.01381
   4   1.00000   0.00000
   5   1.00000   0.00000
  1.39999998
   0   4.55283   0.01406
   1   1.00000   0.00000
   2   1.00000   0.00000
   3   0.55283   0.01406
   4   1.00000   0.00000
   5   1.00000   0.00000
  1.5
   0   4.51203   0.01290
   1   1.00000   0.00000
   2   1.00000   0.00000
   3   0.51203   0.01290
   4   1.00000   0.00000
   5   1.00000   0.00000
  1.60000002
   0   4.43425   0.01278
   1   1.00000   0.00000
   2   1.00000   0.00000
   3   0.43425   0.01278
   4   1.00000   0.00000
   5   1.00000   0.00000
  1.70000005
   0   4.39130   0.01260
   1   1.00000   0.00000
   2   1.00000   0.00000
   3   0.39130   0.01260
   4   1.00000   0.00000
   5   1.00000   0.00000
  1.80000007
   0   4.32185   0.01320
   1   1.00000   0.00000
   2   1.00000   0.00000
   3   0.32185   0.01320
   4   1.00000   0.00000
   5   1.00000   0.00000
  1.89999998
   0   4.27111   0.01301
   1   1.00000   0.00000
   2   1.00000   0.00000
   3   0.27111   0.01301
   4   1.00000   0.00000
   5   1.00000   0.00000
  2.
   0   4.25037   0.01225
   1   1.00000   0.00000
   2   1.00000   0.00000
   3   0.25037   0.01225
   4   1.00000   0.00000
   5   1.00000   0.00000
  2.10000014
   0   4.20788   0.01148
   1   1.00000   0.00000
   2   1.00000   0.00000
   3   0.20788   0.01148
   4   1.00000   0.00000
   5   1.00000   0.00000
  2.20000005
   0   4.16920   0.01060
   1   1.00000   0.00000
   2   1.00000   0.00000
   3   0.16920   0.01060
   4   1.00000   0.00000
   5   1.00000   0.00000
  2.29999995
   0   4.12302   0.00848
   1   1.00000   0.00000
   2   1.00000   0.00000
   3   0.12302   0.00848
   4   1.00000   0.00000
   5   1.00000   0.00000
  2.4000001
   0   4.11006   0.00916
   1   1.00000   0.00000
   2   1.00000   0.00000
   3   0.11006   0.00916
   4   1.00000   0.00000
   5   1.00000   0.00000
  2.5
   0   4.09886   0.00874
   1   1.00000   0.00000
   2   1.00000   0.00000
   3   0.09886   0.00874
   4   1.00000   0.00000
   5   1.00000   0.00000
  2.60000014
   0   4.07826   0.00759
   1   1.00000   0.00000
   2   1.00000   0.00000
   3   0.07826   0.00759
   4   1.00000   0.00000
   5   1.00000   0.00000
  2.70000005
   0   4.06299   0.00687
   1   1.00000   0.00000
   2   1.00000   0.00000
   3   0.06299   0.00687
   4   1.00000   0.00000
   5   1.00000   0.00000
  2.79999995
   0   4.04357   0.00577
   1   1.00000   0.00000
   2   1.00000   0.00000
   3   0.04357   0.00577
   4   1.00000   0.00000
   5   1.00000   0.00000
  2.9000001
   0   4.03770   0.00558
   1   1.00000   0.00000
   2   1.00000   0.00000
   3   0.03770   0.00558
   4   1.00000   0.00000
   5   1.00000   0.00000
  3.
   0   4.01284   0.00289
   1   1.00000   0.00000
   2   1.00000   0.00000
   3   0.01284   0.00289
   4   1.00000   0.00000
   5   1.00000   0.00000
  3.10000014
   0   4.01827   0.00379
   1   1.00000   0.00000
   2   1.00000   0.00000
   3   0.01827   0.00379
   4   1.00000   0.00000
   5   1.00000   0.00000
  3.20000005
   0   4.02039   0.00594
   1   0.99647   0.00205
   2   1.00000   0.00000
   3   0.02392   0.00558
   4   1.00000   0.00000
   5   1.00000   0.00000
  3.29999995
   0   4.01920   0.00574
   1   0.99657   0.00185
   2   1.00000   0.00000
   3   0.02263   0.00543
   4   1.00000   0.00000
   5   1.00000   0.00000
  3.4000001
   0   4.00446   0.00230
   1   0.99880   0.00089
   2   1.00000   0.00000
   3   0.00566   0.00212
   4   1.00000   0.00000
   5   1.00000   0.00000
  3.5
   0   4.00727   0.00324
   1   0.99800   0.00115
   2   1.00000   0.00000
   3   0.00927   0.00302
   4   1.00000   0.00000
   5   1.00000   0.00000
  3.60000014
   0   4.00677   0.00232
   1   1.00000   0.00000
   2   1.00000   0.00000
   3   0.00677   0.00232
   4   1.00000   0.00000
   5   1.00000   0.00000
  3.70000005
   0   4.00745   0.00252
   1   1.00000   0.00000
   2   1.00000   0.00000
   3   0.00745   0.00252
   4   1.00000   0.00000
   5   1.00000   0.00000
  3.79999995
   0   3.99866   0.00365
   1   0.99506   0.00331
   2   1.00000   0.00000
   3   0.00360   0.00155
   4   1.00000   0.00000
   5   1.00000   0.00000
  3.9000001
   0   4.00327   0.00147
   1   1.00000   0.00000
   2   1.00000   0.00000
   3   0.00327   0.00147
   4   1.00000   0.00000
   5   1.00000   0.00000
  4.
   0   4.00145   0.00191
   1   0.99878   0.00099
   2   1.00000   0.00000
   3   0.00267   0.00163
   4   1.00000   0.00000
   5   1.00000   0.00000
  4.0999999
   0   4.00244   0.00329
   1   0.99672   0.00181
   2   1.00000   0.00000
   3   0.00572   0.00275
   4   1.00000   0.00000
   5   1.00000   0.00000
  4.20000029
   0   3.99561   0.00384
   1   0.99111   0.00297
   2   1.00000   0.00000
   3   0.00450   0.00244
   4   1.00000   0.00000
   5   1.00000   0.00000
  4.30000019
   0   3.98722   0.00318
   1   0.98722   0.00318
   2   1.00000   0.00000
   3   0.00000   0.00000
   4   1.00000   0.00000
   5   1.00000   0.00000
  4.4000001
   0   3.99137   0.00447
   1   0.98937   0.00425
   2   1.00000   0.00000
   3   0.00200   0.00141
   4   1.00000   0.00000
   5   1.00000   0.00000
  4.5
   0   3.97665   0.00551
   1   0.97665   0.00551
   2   1.00000   0.00000
   3   0.00000   0.00000
   4   1.00000   0.00000
   5   1.00000   0.00000
  4.5999999
   0   3.96623   0.00844
   1   0.96623   0.00844
   2   1.00000   0.00000
   3   0.00000   0.00000
   4   1.00000   0.00000
   5   1.00000   0.00000
  4.70000029
   0   3.98319   0.00363
   1   0.98319   0.00363
   2   1.00000   0.00000
   3   0.00000   0.00000
   4   1.00000   0.00000
   5   1.00000   0.00000
  4.80000019
   0   3.97118   0.00432
   1   0.97118   0.00432
   2   1.00000   0.00000
   3   0.00000   0.00000
   4   1.00000   0.00000
   5   1.00000   0.00000
  4.9000001
   0   3.96485   0.00539
   1   0.96485   0.00539
   2   1.00000   0.00000
   3   0.00000   0.00000
   4   1.00000   0.00000
   5   1.00000   0.00000
  5.
   0   3.96026   0.00552
   1   0.96026   0.00552
   2   1.00000   0.00000
   3   0.00000   0.00000
   4   1.00000   0.00000
   5   1.00000   0.00000
  5.0999999
   0   3.93977   0.00673
   1   0.93977   0.00673
   2   1.00000   0.00000
   3   0.00000   0.00000
   4   1.00000   0.00000
   5   1.00000   0.00000
  5.20000029
   0   3.91956   0.00769
   1   0.91956   0.00769
   2   1.00000   0.00000
   3   0.00000   0.00000
   4   1.00000   0.00000
   5   1.00000   0.00000
  5.30000019
   0   3.88841   0.00891
   1   0.88841   0.00891
   2   1.00000   0.00000
   3   0.00000   0.00000
   4   1.00000   0.00000
   5   1.00000   0.00000
  5.4000001
   0   3.86194   0.00975
   1   0.86194   0.00975
   2   1.00000   0.00000
   3   0.00000   0.00000
   4   1.00000   0.00000
   5   1.00000   0.00000
  5.5
   0   3.83012   0.01099
   1   0.83012   0.01099
   2   1.00000   0.00000
   3   0.00000   0.00000
   4   1.00000   0.00000
   5   1.00000   0.00000
  5.5999999
   0   3.81280   0.01103
   1   0.81280   0.01103
   2   1.00000   0.00000
   3   0.00000   0.00000
   4   1.00000   0.00000
   5   1.00000   0.00000
  5.70000029
   0   3.76757   0.01194
   1   0.76757   0.01194
   2   1.00000   0.00000
   3   0.00000   0.00000
   4   1.00000   0.00000
   5   1.00000   0.00000
  5.80000019
   0   3.73720   0.01245
   1   0.73720   0.01245
   2   1.00000   0.00000
   3   0.00000   0.00000
   4   1.00000   0.00000
   5   1.00000   0.00000
  5.9000001
   0   3.66707   0.01379
   1   0.66707   0.01379
   2   1.00000   0.00000
   3   0.00000   0.00000
   4   1.00000   0.00000
   5   1.00000   0.00000
  6.
   0   3.64238   0.01237
   1   0.64238   0.01237
   2   1.00000   0.00000
   3   0.00000   0.00000
   4   1.00000   0.00000
   5   1.00000   0.00000
  6.0999999
   0   3.58339   0.01273
   1   0.58339   0.01273
   2   1.00000   0.00000
   3   0.00000   0.00000
   4   1.00000   0.00000
   5   1.00000   0.00000
  6.20000029
   0   3.53070   0.01288
   1   0.53070   0.01288
   2   1.00000   0.00000
   3   0.00000   0.00000
   4   1.00000   0.00000
   5   1.00000   0.00000
  6.30000019
   0   3.46599   0.01411
   1   0.46599   0.01411
   2   1.00000   0.00000
   3   0.00000   0.00000
   4   1.00000   0.00000
   5   1.00000   0.00000
  6.4000001
   0   3.40598   0.01268
   1   0.40598   0.01268
   2   1.00000   0.00000
   3   0.00000   0.00000
   4   1.00000   0.00000
   5   1.00000   0.00000
  6.5
   0   3.35718   0.01237
   1   0.35718   0.01237
   2   1.00000   0.00000
   3   0.00000   0.00000
   4   1.00000   0.00000
   5   1.00000   0.00000
  6.5999999
   0   3.30723   0.01191
   1   0.30723   0.01191
   2   1.00000   0.00000
   3   0.00000   0.00000
   4   1.00000   0.00000
   5   1.00000   0.00000
  6.70000029
   0   3.26969   0.01255
   1   0.26969   0.01255
   2   1.00000   0.00000
   3   0.00000   0.00000
   4   1.00000   0.00000
   5   1.00000   0.00000
  6.80000019
   0   3.22857   0.01187
   1   0.22857   0.01187
   2   1.00000   0.00000
   3   0.00000   0.00000
   4   1.00000   0.00000
   5   1.00000   0.00000
  6.9000001
   0   3.16258   0.01043
   1   0.16258   0.01043
   2   1.00000   0.00000
   3   0.00000   0.00000
   4   1.00000   0.00000
   5   1.00000   0.00000
  7.
   0   3.13639   0.00971
   1   0.13639   0.00971
   2   1.00000   0.00000
   3   0.00000   0.00000
   4   1.00000   0.00000
   5   1.00000   0.00000
  7.0999999
   0   3.10108   0.00853
   1   0.10108   0.00853
   2   1.00000   0.00000
   3   0.00000   0.00000
   4   1.00000   0.00000
   5   1.00000   0.00000
  7.20000029
   0   3.10151   0.00854
   1   0.10151   0.00854
   2   1.00000   0.00000
   3   0.00000   0.00000
   4   1.00000   0.00000
   5   1.00000   0.00000
  7.30000019
   0   3.07579   0.00748
   1   0.07579   0.00748
   2   1.00000   0.00000
   3   0.00000   0.00000
   4   1.00000   0.00000
   5   1.00000   0.00000
  7.4000001
   0   3.05373   0.00637
   1   0.05373   0.00637
   2   1.00000   0.00000
   3   0.00000   0.00000
   4   1.00000   0.00000
   5   1.00000   0.00000
  7.5
   0   3.05183   0.00571
   1   0.05183   0.00571
   2   1.00000   0.00000
   3   0.00000   0.00000
   4   1.00000   0.00000
   5   1.00000   0.00000
  7.5999999
   0   3.04789   0.00604
   1   0.04789   0.00604
   2   1.00000   0.00000
   3   0.00000   0.00000
   4   1.00000   0.00000
   5   1.00000   0.00000
  7.70000029
   0   3.02849   0.00429
   1   0.02849   0.00429
   2   1.00000   0.00000
   3   0.00000   0.00000
   4   1.00000   0.00000
   5   1.00000   0.00000
  7.80000019
   0   3.02179   0.00413
   1   0.02179   0.00413
   2   1.00000   0.00000
   3   0.00000   0.00000
   4   1.00000   0.00000
   5   1.00000   0.00000
  7.9000001
   0   3.01650   0.00373
   1   0.01650   0.00373
   2   1.00000   0.00000
   3   0.00000   0.00000
   4   1.00000   0.00000
   5   1.00000   0.00000
  8.
   0   3.02347   0.00586
   1   0.02347   0.00586
   2   1.00000   0.00000
   3   0.00000   0.00000
   4   1.00000   0.00000
   5   1.00000   0.00000
  8.10000038
   0   3.01465   0.00340
   1   0.01465   0.00340
   2   1.00000   0.00000
   3   0.00000   0.00000
   4   1.00000   0.00000
   5   1.00000   0.00000
  8.19999981
   0   3.01279   0.00318
   1   0.01279   0.00318
   2   1.00000   0.00000
   3   0.00000   0.00000
   4   1.00000   0.00000
   5   1.00000   0.00000
  8.30000019
   0   3.00469   0.00176
   1   0.00469   0.00176
   2   1.00000   0.00000
   3   0.00000   0.00000
   4   1.00000   0.00000
   5   1.00000   0.00000
  8.40000057
   0   3.00517   0.00203
   1   0.00517   0.00203
   2   1.00000   0.00000
   3   0.00000   0.00000
   4   1.00000   0.00000
   5   1.00000   0.00000
  8.5
   0   3.00600   0.00199
   1   0.00600   0.00199
   2   1.00000   0.00000
   3   0.00000   0.00000
   4   1.00000   0.00000
   5   1.00000   0.00000
  8.60000038
   0   3.00267   0.00133
   1   0.00267   0.00133
   2   1.00000   0.00000
   3   0.00000   0.00000
   4   1.00000   0.00000
   5   1.00000   0.00000
  8.69999981
   0   3.00240   0.00126
   1   0.00240   0.00126
   2   1.00000   0.00000
   3   0.00000   0.00000
   4   1.00000   0.00000
   5   1.00000   0.00000
  8.80000019
   0   3.00400   0.00179
   1   0.00400   0.00179
   2   1.00000   0.00000
   3   0.00000   0.00000
   4   1.00000   0.00000
   5   1.00000   0.00000
  8.90000057
   0   3.00120   0.00089
   1   0.00120   0.00089
   2   1.00000   0.00000
   3   0.00000   0.00000
   4   1.00000   0.00000
   5   1.00000   0.00000
  9.
   0   2.99578   0.00197
   1   0.00000   0.00000
   2   0.99578   0.00197
   3   0.00000   0.00000
   4   1.00000   0.00000
   5   1.00000   0.00000
  9.10000038
   0   3.00000   0.00219
   1   0.00240   0.00155
   2   0.99760   0.00155
   3   0.00000   0.00000
   4   1.00000   0.00000
   5   1.00000   0.00000
  9.19999981
   0   3.00000   0.00000
   1   0.00000   0.00000
   2   1.00000   0.00000
   3   0.00000   0.00000
   4   1.00000   0.00000
   5   1.00000   0.00000
  9.30000019
   0   2.99618   0.00159
   1   0.00000   0.00000
   2   0.99618   0.00159
   3   0.00000   0.00000
   4   1.00000   0.00000
   5   1.00000   0.00000
  9.40000057
   0   2.99820   0.00167
   1   0.00120   0.00089
   2   0.99700   0.00141
   3   0.00000   0.00000
   4   1.00000   0.00000
   5   1.00000   0.00000
  9.5
   0   3.00000   0.00000
   1   0.00000   0.00000
   2   1.00000   0.00000
   3   0.00000   0.00000
   4   1.00000   0.00000
   5   1.00000   0.00000
  9.60000038
   0   2.99434   0.00212
   1   0.00000   0.00000
   2   0.99434   0.00212
   3   0.00000   0.00000
   4   1.00000   0.00000
   5   1.00000   0.00000
  9.69999981
   0   2.98976   0.00295
   1   0.00000   0.00000
   2   0.98976   0.00295
   3   0.00000   0.00000
   4   1.00000   0.00000
   5   1.00000   0.00000
  9.80000019
   0   2.99255   0.00222
   1   0.00000   0.00000
   2   0.99255   0.00222
   3   0.00000   0.00000
   4   1.00000   0.00000
   5   1.00000   0.00000
  9.90000057
   0   2.98167   0.00392
   1   0.00000   0.00000
   2   0.98167   0.00392
   3   0.00000   0.00000
   4   1.00000   0.00000
   5   1.00000   0.00000
  10.
   0   2.97886   0.00421
   1   0.00000   0.00000
   2   0.97886   0.00421
   3   0.00000   0.00000
   4   1.00000   0.00000
   5   1.00000   0.00000
  10.1000004
   0   2.97288   0.00459
   1   0.00000   0.00000
   2   0.97288   0.00459
   3   0.00000   0.00000
   4   1.00000   0.00000
   5   1.00000   0.00000
  10.1999998
   0   2.95862   0.00583
   1   0.00000   0.00000
   2   0.95862   0.00583
   3   0.00000   0.00000
   4   1.00000   0.00000
   5   1.00000   0.00000
  10.3000002
   0   2.94108   0.00942
   1   0.00000   0.00000
   2   0.94108   0.00942
   3   0.00000   0.00000
   4   1.00000   0.00000
   5   1.00000   0.00000
  10.4000006
   0   2.95668   0.00575
   1   0.00000   0.00000
   2   0.95668   0.00575
   3   0.00000   0.00000
   4   1.00000   0.00000
   5   1.00000   0.00000
  10.5
   0   2.94028   0.00670
   1   0.00000   0.00000
   2   0.94028   0.00670
   3   0.00000   0.00000
   4   1.00000   0.00000
   5   1.00000   0.00000
  10.6000004
   0   2.92600   0.00766
   1   0.00000   0.00000
   2   0.92600   0.00766
   3   0.00000   0.00000
   4   1.00000   0.00000
   5   1.00000   0.00000
  10.6999998
   0   2.89897   0.00898
   1   0.00000   0.00000
   2   0.89897   0.00898
   3   0.00000   0.00000
   4   1.00000   0.00000
   5   1.00000   0.00000
  10.8000002
   0   2.87398   0.00971
   1   0.00000   0.00000
   2   0.87398   0.00971
   3   0.00000   0.00000
   4   1.00000   0.00000
   5   1.00000   0.00000
  10.9000006
   0   2.84687   0.01018
   1   0.00000   0.00000
   2   0.84687   0.01018
   3   0.00000   0.00000
   4   1.00000   0.00000
   5   1.00000   0.00000
  11.
   0   2.81528   0.01136
   1   0.00000   0.00000
   2   0.81528   0.01136
   3   0.00000   0.00000
   4   1.00000   0.00000
   5   1.00000   0.00000
  11.1000004
   0   2.78231   0.01167
   1   0.00000   0.00000
   2   0.78231   0.01167
   3   0.00000   0.00000
   4   1.00000   0.00000
   5   1.00000   0.00000
  11.1999998
   0   2.75354   0.01218
   1   0.00000   0.00000
   2   0.75354   0.01218
   3   0.00000   0.00000
   4   1.00000   0.00000
   5   1.00000   0.00000
  11.3000002
   0   2.67801   0.01322
   1   0.00000   0.00000
   2   0.67801   0.01322
   3   0.00000   0.00000
   4   1.00000   0.00000
   5   1.00000   0.00000
  11.4000006
   0   2.65107   0.01348
   1   0.00000   0.00000
   2   0.65107   0.01348
   3   0.00000   0.00000
   4   1.00000   0.00000
   5   1.00000   0.00000
  11.5
   0   2.58574   0.01393
   1   0.00000   0.00000
   2   0.58574   0.01393
   3   0.00000   0.00000
   4   1.00000   0.00000
   5   1.00000   0.00000
  11.6000004
   0   2.54480   0.01411
   1   0.00000   0.00000
   2   0.54600   0.01408
   3   0.00000   0.00000
   4   1.00000   0.00000
   5   0.99880   0.00089
  11.6999998
   0   2.45998   0.01287
   1   0.00000   0.00000
   2   0.45998   0.01287
   3   0.00000   0.00000
   4   1.00000   0.00000
   5   1.00000   0.00000
  11.8000002
   0   2.40280   0.01387
   1   0.00000   0.00000
   2   0.40280   0.01387
   3   0.00000   0.00000
   4   1.00000   0.00000
   5   1.00000   0.00000
  11.9000006
   0   2.36037   0.01358
   1   0.00000   0.00000
   2   0.36037   0.01358
   3   0.00000   0.00000
   4   1.00000   0.00000
   5   1.00000   0.00000
  12.
   0   2.29575   0.01290
   1   0.00000   0.00000
   2   0.29575   0.01290
   3   0.00000   0.00000
   4   1.00000   0.00000
   5   1.00000   0.00000
  12.1000004
   0   2.26332   0.01313
   1   0.00000   0.00000
   2   0.26332   0.01313
   3   0.00000   0.00000
   4   1.00000   0.00000
   5   1.00000   0.00000
  12.1999998
   0   2.22335   0.01178
   1   0.00000   0.00000
   2   0.22335   0.01178
   3   0.00000   0.00000
   4   1.00000   0.00000
   5   1.00000   0.00000
  12.3000002
   0   2.18320   0.01094
   1   0.00000   0.00000
   2   0.18320   0.01094
   3   0.00000   0.00000
   4   1.00000   0.00000
   5   1.00000   0.00000
  12.4000006
   0   2.13518   0.00967
   1   0.00000   0.00000
   2   0.13518   0.00967
   3   0.00000   0.00000
   4   1.00000   0.00000
   5   1.00000   0.00000
  12.5
   0   2.13528   0.00966
   1   0.00000   0.00000
   2   0.13528   0.00966
   3   0.00000   0.00000
   4   1.00000   0.00000
   5   1.00000   0.00000
  12.6000004
   0   2.09623   0.01142
   1   0.00000   0.00000
   2   0.09623   0.01142
   3   0.00000   0.00000
   4   1.00000   0.00000
   5   1.00000   0.00000
  12.6999998
   0   2.08151   0.00774
   1   0.00000   0.00000
   2   0.08151   0.00774
   3   0.00000   0.00000
   4   1.00000   0.00000
   5   1.00000   0.00000
  12.8000002
   0   2.06120   0.00678
   1   0.00000   0.00000
   2   0.06120   0.00678
   3   0.00000   0.00000
   4   1.00000   0.00000
   5   1.00000   0.00000
  12.9000006
   0   2.04711   0.00787
   1   0.00000   0.00000
   2   0.04831   0.00782
   3   0.00000   0.00000
   4   1.00000   0.00000
   5   0.99880   0.00089
  13.
   0   2.04329   0.00767
   1   0.00000   0.00000
   2   0.04529   0.00758
   3   0.00000   0.00000
   4   1.00000   0.00000
   5   0.99800   0.00115
  13.1000004
   0   2.02327   0.00729
   1   0.00000   0.00000
   2   0.03019   0.00663
   3   0.00000   0.00000
   4   1.00000   0.00000
   5   0.99307   0.00303
  13.1999998
   0   2.03275   0.00503
   1   0.00000   0.00000
   2   0.03275   0.00503
   3   0.00000   0.00000
   4   1.00000   0.00000
   5   1.00000   0.00000
  13.3000002
   0   2.01178   0.00386
   1   0.00000   0.00000
   2   0.01378   0.00368
   3   0.00000   0.00000
   4   1.00000   0.00000
   5   0.99800   0.00115
  13.4000006
   0   2.01825   0.00557
   1   0.00000   0.00000
   2   0.02161   0.00531
   3   0.00000   0.00000
   4   1.00000   0.00000
   5   0.99664   0.00169
  13.5
   0   2.00139   0.00641
   1   0.00000   0.00000
   2   0.01540   0.00477
   3   0.00000   0.00000
   4   1.00000   0.00000
   5   0.98599   0.00429
  13.6000004
   0   1.99831   0.00499
   1   0.00000   0.00000
   2   0.01033   0.00301
   3   0.00000   0.00000
   4   1.00000   0.00000
   5   0.98798   0.00398
  13.6999998
   0   1.99442   0.00443
   1   0.00000   0.00000
   2   0.00721   0.00309
   3   0.00000   0.00000
   4   1.00000   0.00000
   5   0.98721   0.00318
  13.8000002
   0   1.98822   0.00499
   1   0.00000   0.00000
   2   0.00267   0.00188
   3   0.00000   0.00000
   4   1.00000   0.00000
   5   0.98555   0.00462
  13.9000006
   0   1.98519   0.00630
   1   0.00000   0.00000
   2   0.00600   0.00218
   3   0.00000   0.00000
   4   1.00000   0.00000
   5   0.97919   0.00591
  14.
   0   1.96940   0.00633
   1   0.00000   0.00000
   2   0.00224   0.00138
   3   0.00000   0.00000
   4   1.00000   0.00000
   5   0.96716   0.00617
